ARM GAS  C:\Users\DADSPC~1\AppData\Local\Temp\ccxWpVZR.s 			page 1


   1              		.syntax unified
   2              		.cpu cortex-m0plus
   3              		.fpu softvfp
   4              		.eabi_attribute 20, 1
   5              		.eabi_attribute 21, 1
   6              		.eabi_attribute 23, 3
   7              		.eabi_attribute 24, 1
   8              		.eabi_attribute 25, 1
   9              		.eabi_attribute 26, 1
  10              		.eabi_attribute 30, 1
  11              		.eabi_attribute 34, 0
  12              		.eabi_attribute 18, 4
  13              		.thumb
  14              		.syntax unified
  15              		.file	"SCB_1_SPI_UART.c"
  16              		.text
  17              	.Ltext0:
  18              		.cfi_sections	.debug_frame
  19              		.section	.text.SCB_1_SpiUartReadRxData,"ax",%progbits
  20              		.align	2
  21              		.global	SCB_1_SpiUartReadRxData
  22              		.code	16
  23              		.thumb_func
  24              		.type	SCB_1_SpiUartReadRxData, %function
  25              	SCB_1_SpiUartReadRxData:
  26              	.LFB1:
  27              		.file 1 "Generated_Source\\PSoC4\\SCB_1_SPI_UART.c"
   1:Generated_Source\PSoC4/SCB_1_SPI_UART.c **** /***************************************************************************//**
   2:Generated_Source\PSoC4/SCB_1_SPI_UART.c **** * \file SCB_1_SPI_UART.c
   3:Generated_Source\PSoC4/SCB_1_SPI_UART.c **** * \version 4.0
   4:Generated_Source\PSoC4/SCB_1_SPI_UART.c **** *
   5:Generated_Source\PSoC4/SCB_1_SPI_UART.c **** * \brief
   6:Generated_Source\PSoC4/SCB_1_SPI_UART.c **** *  This file provides the source code to the API for the SCB Component in
   7:Generated_Source\PSoC4/SCB_1_SPI_UART.c **** *  SPI and UART modes.
   8:Generated_Source\PSoC4/SCB_1_SPI_UART.c **** *
   9:Generated_Source\PSoC4/SCB_1_SPI_UART.c **** * Note:
  10:Generated_Source\PSoC4/SCB_1_SPI_UART.c **** *
  11:Generated_Source\PSoC4/SCB_1_SPI_UART.c **** *******************************************************************************
  12:Generated_Source\PSoC4/SCB_1_SPI_UART.c **** * \copyright
  13:Generated_Source\PSoC4/SCB_1_SPI_UART.c **** * Copyright 2013-2017, Cypress Semiconductor Corporation.  All rights reserved.
  14:Generated_Source\PSoC4/SCB_1_SPI_UART.c **** * You may use this file only in accordance with the license, terms, conditions,
  15:Generated_Source\PSoC4/SCB_1_SPI_UART.c **** * disclaimers, and limitations in the end user license agreement accompanying
  16:Generated_Source\PSoC4/SCB_1_SPI_UART.c **** * the software package with which this file was provided.
  17:Generated_Source\PSoC4/SCB_1_SPI_UART.c **** *******************************************************************************/
  18:Generated_Source\PSoC4/SCB_1_SPI_UART.c **** 
  19:Generated_Source\PSoC4/SCB_1_SPI_UART.c **** #include "SCB_1_PVT.h"
  20:Generated_Source\PSoC4/SCB_1_SPI_UART.c **** #include "SCB_1_SPI_UART_PVT.h"
  21:Generated_Source\PSoC4/SCB_1_SPI_UART.c **** 
  22:Generated_Source\PSoC4/SCB_1_SPI_UART.c **** /***************************************
  23:Generated_Source\PSoC4/SCB_1_SPI_UART.c **** *        SPI/UART Private Vars
  24:Generated_Source\PSoC4/SCB_1_SPI_UART.c **** ***************************************/
  25:Generated_Source\PSoC4/SCB_1_SPI_UART.c **** 
  26:Generated_Source\PSoC4/SCB_1_SPI_UART.c **** #if(SCB_1_INTERNAL_RX_SW_BUFFER_CONST)
  27:Generated_Source\PSoC4/SCB_1_SPI_UART.c ****     /* Start index to put data into the software receive buffer.*/
  28:Generated_Source\PSoC4/SCB_1_SPI_UART.c ****     volatile uint32 SCB_1_rxBufferHead;
  29:Generated_Source\PSoC4/SCB_1_SPI_UART.c ****     /* Start index to get data from the software receive buffer.*/
  30:Generated_Source\PSoC4/SCB_1_SPI_UART.c ****     volatile uint32 SCB_1_rxBufferTail;
ARM GAS  C:\Users\DADSPC~1\AppData\Local\Temp\ccxWpVZR.s 			page 2


  31:Generated_Source\PSoC4/SCB_1_SPI_UART.c ****     /**
  32:Generated_Source\PSoC4/SCB_1_SPI_UART.c ****     * \addtogroup group_globals
  33:Generated_Source\PSoC4/SCB_1_SPI_UART.c ****     * \{
  34:Generated_Source\PSoC4/SCB_1_SPI_UART.c ****     */
  35:Generated_Source\PSoC4/SCB_1_SPI_UART.c ****     /** Sets when internal software receive buffer overflow
  36:Generated_Source\PSoC4/SCB_1_SPI_UART.c ****     *  was occurred.
  37:Generated_Source\PSoC4/SCB_1_SPI_UART.c ****     */
  38:Generated_Source\PSoC4/SCB_1_SPI_UART.c ****     volatile uint8  SCB_1_rxBufferOverflow;
  39:Generated_Source\PSoC4/SCB_1_SPI_UART.c ****     /** \} globals */
  40:Generated_Source\PSoC4/SCB_1_SPI_UART.c **** #endif /* (SCB_1_INTERNAL_RX_SW_BUFFER_CONST) */
  41:Generated_Source\PSoC4/SCB_1_SPI_UART.c **** 
  42:Generated_Source\PSoC4/SCB_1_SPI_UART.c **** #if(SCB_1_INTERNAL_TX_SW_BUFFER_CONST)
  43:Generated_Source\PSoC4/SCB_1_SPI_UART.c ****     /* Start index to put data into the software transmit buffer.*/
  44:Generated_Source\PSoC4/SCB_1_SPI_UART.c ****     volatile uint32 SCB_1_txBufferHead;
  45:Generated_Source\PSoC4/SCB_1_SPI_UART.c ****     /* Start index to get data from the software transmit buffer.*/
  46:Generated_Source\PSoC4/SCB_1_SPI_UART.c ****     volatile uint32 SCB_1_txBufferTail;
  47:Generated_Source\PSoC4/SCB_1_SPI_UART.c **** #endif /* (SCB_1_INTERNAL_TX_SW_BUFFER_CONST) */
  48:Generated_Source\PSoC4/SCB_1_SPI_UART.c **** 
  49:Generated_Source\PSoC4/SCB_1_SPI_UART.c **** #if(SCB_1_INTERNAL_RX_SW_BUFFER)
  50:Generated_Source\PSoC4/SCB_1_SPI_UART.c ****     /* Add one element to the buffer to receive full packet. One byte in receive buffer is always e
  51:Generated_Source\PSoC4/SCB_1_SPI_UART.c ****     volatile uint16 SCB_1_rxBufferInternal[SCB_1_INTERNAL_RX_BUFFER_SIZE];
  52:Generated_Source\PSoC4/SCB_1_SPI_UART.c **** #endif /* (SCB_1_INTERNAL_RX_SW_BUFFER) */
  53:Generated_Source\PSoC4/SCB_1_SPI_UART.c **** 
  54:Generated_Source\PSoC4/SCB_1_SPI_UART.c **** #if(SCB_1_INTERNAL_TX_SW_BUFFER)
  55:Generated_Source\PSoC4/SCB_1_SPI_UART.c ****     volatile uint16 SCB_1_txBufferInternal[SCB_1_TX_BUFFER_SIZE];
  56:Generated_Source\PSoC4/SCB_1_SPI_UART.c **** #endif /* (SCB_1_INTERNAL_TX_SW_BUFFER) */
  57:Generated_Source\PSoC4/SCB_1_SPI_UART.c **** 
  58:Generated_Source\PSoC4/SCB_1_SPI_UART.c **** 
  59:Generated_Source\PSoC4/SCB_1_SPI_UART.c **** #if(SCB_1_RX_DIRECTION)
  60:Generated_Source\PSoC4/SCB_1_SPI_UART.c ****     /*******************************************************************************
  61:Generated_Source\PSoC4/SCB_1_SPI_UART.c ****     * Function Name: SCB_1_SpiUartReadRxData
  62:Generated_Source\PSoC4/SCB_1_SPI_UART.c ****     ****************************************************************************//**
  63:Generated_Source\PSoC4/SCB_1_SPI_UART.c ****     *
  64:Generated_Source\PSoC4/SCB_1_SPI_UART.c ****     *  Retrieves the next data element from the receive buffer.
  65:Generated_Source\PSoC4/SCB_1_SPI_UART.c ****     *   - RX software buffer is disabled: Returns data element retrieved from
  66:Generated_Source\PSoC4/SCB_1_SPI_UART.c ****     *     RX FIFO. Undefined data will be returned if the RX FIFO is empty.
  67:Generated_Source\PSoC4/SCB_1_SPI_UART.c ****     *   - RX software buffer is enabled: Returns data element from the software
  68:Generated_Source\PSoC4/SCB_1_SPI_UART.c ****     *     receive buffer. Zero value is returned if the software receive buffer
  69:Generated_Source\PSoC4/SCB_1_SPI_UART.c ****     *     is empty.
  70:Generated_Source\PSoC4/SCB_1_SPI_UART.c ****     *
  71:Generated_Source\PSoC4/SCB_1_SPI_UART.c ****     * \return
  72:Generated_Source\PSoC4/SCB_1_SPI_UART.c ****     *  Next data element from the receive buffer. 
  73:Generated_Source\PSoC4/SCB_1_SPI_UART.c ****     *  The amount of data bits to be received depends on RX data bits selection 
  74:Generated_Source\PSoC4/SCB_1_SPI_UART.c ****     *  (the data bit counting starts from LSB of return value).
  75:Generated_Source\PSoC4/SCB_1_SPI_UART.c ****     *
  76:Generated_Source\PSoC4/SCB_1_SPI_UART.c ****     * \globalvars
  77:Generated_Source\PSoC4/SCB_1_SPI_UART.c ****     *  SCB_1_rxBufferHead - the start index to put data into the 
  78:Generated_Source\PSoC4/SCB_1_SPI_UART.c ****     *  software receive buffer.
  79:Generated_Source\PSoC4/SCB_1_SPI_UART.c ****     *  SCB_1_rxBufferTail - the start index to get data from the 
  80:Generated_Source\PSoC4/SCB_1_SPI_UART.c ****     *  software receive buffer.
  81:Generated_Source\PSoC4/SCB_1_SPI_UART.c ****     *
  82:Generated_Source\PSoC4/SCB_1_SPI_UART.c ****     *******************************************************************************/
  83:Generated_Source\PSoC4/SCB_1_SPI_UART.c ****     uint32 SCB_1_SpiUartReadRxData(void)
  84:Generated_Source\PSoC4/SCB_1_SPI_UART.c ****     {
  28              		.loc 1 84 0
  29              		.cfi_startproc
  30              		@ args = 0, pretend = 0, frame = 0
ARM GAS  C:\Users\DADSPC~1\AppData\Local\Temp\ccxWpVZR.s 			page 3


  31              		@ frame_needed = 0, uses_anonymous_args = 0
  32              		@ link register save eliminated.
  33              	.LVL0:
  85:Generated_Source\PSoC4/SCB_1_SPI_UART.c ****         uint32 rxData = 0u;
  86:Generated_Source\PSoC4/SCB_1_SPI_UART.c **** 
  87:Generated_Source\PSoC4/SCB_1_SPI_UART.c ****     #if (SCB_1_INTERNAL_RX_SW_BUFFER_CONST)
  88:Generated_Source\PSoC4/SCB_1_SPI_UART.c ****         uint32 locTail;
  89:Generated_Source\PSoC4/SCB_1_SPI_UART.c ****     #endif /* (SCB_1_INTERNAL_RX_SW_BUFFER_CONST) */
  90:Generated_Source\PSoC4/SCB_1_SPI_UART.c **** 
  91:Generated_Source\PSoC4/SCB_1_SPI_UART.c ****         #if (SCB_1_CHECK_RX_SW_BUFFER)
  92:Generated_Source\PSoC4/SCB_1_SPI_UART.c ****         {
  93:Generated_Source\PSoC4/SCB_1_SPI_UART.c ****             if (SCB_1_rxBufferHead != SCB_1_rxBufferTail)
  94:Generated_Source\PSoC4/SCB_1_SPI_UART.c ****             {
  95:Generated_Source\PSoC4/SCB_1_SPI_UART.c ****                 /* There is data in RX software buffer */
  96:Generated_Source\PSoC4/SCB_1_SPI_UART.c **** 
  97:Generated_Source\PSoC4/SCB_1_SPI_UART.c ****                 /* Calculate index to read from */
  98:Generated_Source\PSoC4/SCB_1_SPI_UART.c ****                 locTail = (SCB_1_rxBufferTail + 1u);
  99:Generated_Source\PSoC4/SCB_1_SPI_UART.c **** 
 100:Generated_Source\PSoC4/SCB_1_SPI_UART.c ****                 if (SCB_1_INTERNAL_RX_BUFFER_SIZE == locTail)
 101:Generated_Source\PSoC4/SCB_1_SPI_UART.c ****                 {
 102:Generated_Source\PSoC4/SCB_1_SPI_UART.c ****                     locTail = 0u;
 103:Generated_Source\PSoC4/SCB_1_SPI_UART.c ****                 }
 104:Generated_Source\PSoC4/SCB_1_SPI_UART.c **** 
 105:Generated_Source\PSoC4/SCB_1_SPI_UART.c ****                 /* Get data from RX software buffer */
 106:Generated_Source\PSoC4/SCB_1_SPI_UART.c ****                 rxData = SCB_1_GetWordFromRxBuffer(locTail);
 107:Generated_Source\PSoC4/SCB_1_SPI_UART.c **** 
 108:Generated_Source\PSoC4/SCB_1_SPI_UART.c ****                 /* Change index in the buffer */
 109:Generated_Source\PSoC4/SCB_1_SPI_UART.c ****                 SCB_1_rxBufferTail = locTail;
 110:Generated_Source\PSoC4/SCB_1_SPI_UART.c **** 
 111:Generated_Source\PSoC4/SCB_1_SPI_UART.c ****                 #if (SCB_1_CHECK_UART_RTS_CONTROL_FLOW)
 112:Generated_Source\PSoC4/SCB_1_SPI_UART.c ****                 {
 113:Generated_Source\PSoC4/SCB_1_SPI_UART.c ****                     /* Check if RX Not Empty is disabled in the interrupt */
 114:Generated_Source\PSoC4/SCB_1_SPI_UART.c ****                     if (0u == (SCB_1_INTR_RX_MASK_REG & SCB_1_INTR_RX_NOT_EMPTY))
 115:Generated_Source\PSoC4/SCB_1_SPI_UART.c ****                     {
 116:Generated_Source\PSoC4/SCB_1_SPI_UART.c ****                         /* Enable RX Not Empty interrupt source to continue
 117:Generated_Source\PSoC4/SCB_1_SPI_UART.c ****                         * receiving data into software buffer.
 118:Generated_Source\PSoC4/SCB_1_SPI_UART.c ****                         */
 119:Generated_Source\PSoC4/SCB_1_SPI_UART.c ****                         SCB_1_INTR_RX_MASK_REG |= SCB_1_INTR_RX_NOT_EMPTY;
 120:Generated_Source\PSoC4/SCB_1_SPI_UART.c ****                     }
 121:Generated_Source\PSoC4/SCB_1_SPI_UART.c ****                 }
 122:Generated_Source\PSoC4/SCB_1_SPI_UART.c ****                 #endif
 123:Generated_Source\PSoC4/SCB_1_SPI_UART.c **** 
 124:Generated_Source\PSoC4/SCB_1_SPI_UART.c ****             }
 125:Generated_Source\PSoC4/SCB_1_SPI_UART.c ****         }
 126:Generated_Source\PSoC4/SCB_1_SPI_UART.c ****         #else
 127:Generated_Source\PSoC4/SCB_1_SPI_UART.c ****         {
 128:Generated_Source\PSoC4/SCB_1_SPI_UART.c ****             /* Read data from RX FIFO */
 129:Generated_Source\PSoC4/SCB_1_SPI_UART.c ****             rxData = SCB_1_RX_FIFO_RD_REG;
  34              		.loc 1 129 0
  35 0000 014B     		ldr	r3, .L2
  36 0002 1868     		ldr	r0, [r3]
  37              	.LVL1:
 130:Generated_Source\PSoC4/SCB_1_SPI_UART.c ****         }
 131:Generated_Source\PSoC4/SCB_1_SPI_UART.c ****         #endif
 132:Generated_Source\PSoC4/SCB_1_SPI_UART.c **** 
 133:Generated_Source\PSoC4/SCB_1_SPI_UART.c ****         return (rxData);
 134:Generated_Source\PSoC4/SCB_1_SPI_UART.c ****     }
ARM GAS  C:\Users\DADSPC~1\AppData\Local\Temp\ccxWpVZR.s 			page 4


  38              		.loc 1 134 0
  39              		@ sp needed
  40 0004 7047     		bx	lr
  41              	.L3:
  42 0006 C046     		.align	2
  43              	.L2:
  44 0008 40032540 		.word	1076167488
  45              		.cfi_endproc
  46              	.LFE1:
  47              		.size	SCB_1_SpiUartReadRxData, .-SCB_1_SpiUartReadRxData
  48              		.section	.text.SCB_1_SpiUartGetRxBufferSize,"ax",%progbits
  49              		.align	2
  50              		.global	SCB_1_SpiUartGetRxBufferSize
  51              		.code	16
  52              		.thumb_func
  53              		.type	SCB_1_SpiUartGetRxBufferSize, %function
  54              	SCB_1_SpiUartGetRxBufferSize:
  55              	.LFB2:
 135:Generated_Source\PSoC4/SCB_1_SPI_UART.c **** 
 136:Generated_Source\PSoC4/SCB_1_SPI_UART.c **** 
 137:Generated_Source\PSoC4/SCB_1_SPI_UART.c ****     /*******************************************************************************
 138:Generated_Source\PSoC4/SCB_1_SPI_UART.c ****     * Function Name: SCB_1_SpiUartGetRxBufferSize
 139:Generated_Source\PSoC4/SCB_1_SPI_UART.c ****     ****************************************************************************//**
 140:Generated_Source\PSoC4/SCB_1_SPI_UART.c ****     *
 141:Generated_Source\PSoC4/SCB_1_SPI_UART.c ****     *  Returns the number of received data elements in the receive buffer.
 142:Generated_Source\PSoC4/SCB_1_SPI_UART.c ****     *   - RX software buffer disabled: returns the number of used entries in
 143:Generated_Source\PSoC4/SCB_1_SPI_UART.c ****     *     RX FIFO.
 144:Generated_Source\PSoC4/SCB_1_SPI_UART.c ****     *   - RX software buffer enabled: returns the number of elements which were
 145:Generated_Source\PSoC4/SCB_1_SPI_UART.c ****     *     placed in the receive buffer. This does not include the hardware RX FIFO.
 146:Generated_Source\PSoC4/SCB_1_SPI_UART.c ****     *
 147:Generated_Source\PSoC4/SCB_1_SPI_UART.c ****     * \return
 148:Generated_Source\PSoC4/SCB_1_SPI_UART.c ****     *  Number of received data elements.
 149:Generated_Source\PSoC4/SCB_1_SPI_UART.c ****     *
 150:Generated_Source\PSoC4/SCB_1_SPI_UART.c ****     * \globalvars
 151:Generated_Source\PSoC4/SCB_1_SPI_UART.c ****     *  SCB_1_rxBufferHead - the start index to put data into the 
 152:Generated_Source\PSoC4/SCB_1_SPI_UART.c ****     *  software receive buffer.
 153:Generated_Source\PSoC4/SCB_1_SPI_UART.c ****     *  SCB_1_rxBufferTail - the start index to get data from the 
 154:Generated_Source\PSoC4/SCB_1_SPI_UART.c ****     *  software receive buffer.
 155:Generated_Source\PSoC4/SCB_1_SPI_UART.c ****     *
 156:Generated_Source\PSoC4/SCB_1_SPI_UART.c ****     *******************************************************************************/
 157:Generated_Source\PSoC4/SCB_1_SPI_UART.c ****     uint32 SCB_1_SpiUartGetRxBufferSize(void)
 158:Generated_Source\PSoC4/SCB_1_SPI_UART.c ****     {
  56              		.loc 1 158 0
  57              		.cfi_startproc
  58              		@ args = 0, pretend = 0, frame = 0
  59              		@ frame_needed = 0, uses_anonymous_args = 0
  60              		@ link register save eliminated.
 159:Generated_Source\PSoC4/SCB_1_SPI_UART.c ****         uint32 size;
 160:Generated_Source\PSoC4/SCB_1_SPI_UART.c ****     #if (SCB_1_INTERNAL_RX_SW_BUFFER_CONST)
 161:Generated_Source\PSoC4/SCB_1_SPI_UART.c ****         uint32 locHead;
 162:Generated_Source\PSoC4/SCB_1_SPI_UART.c ****     #endif /* (SCB_1_INTERNAL_RX_SW_BUFFER_CONST) */
 163:Generated_Source\PSoC4/SCB_1_SPI_UART.c **** 
 164:Generated_Source\PSoC4/SCB_1_SPI_UART.c ****         #if (SCB_1_CHECK_RX_SW_BUFFER)
 165:Generated_Source\PSoC4/SCB_1_SPI_UART.c ****         {
 166:Generated_Source\PSoC4/SCB_1_SPI_UART.c ****             locHead = SCB_1_rxBufferHead;
 167:Generated_Source\PSoC4/SCB_1_SPI_UART.c **** 
 168:Generated_Source\PSoC4/SCB_1_SPI_UART.c ****             if(locHead >= SCB_1_rxBufferTail)
ARM GAS  C:\Users\DADSPC~1\AppData\Local\Temp\ccxWpVZR.s 			page 5


 169:Generated_Source\PSoC4/SCB_1_SPI_UART.c ****             {
 170:Generated_Source\PSoC4/SCB_1_SPI_UART.c ****                 size = (locHead - SCB_1_rxBufferTail);
 171:Generated_Source\PSoC4/SCB_1_SPI_UART.c ****             }
 172:Generated_Source\PSoC4/SCB_1_SPI_UART.c ****             else
 173:Generated_Source\PSoC4/SCB_1_SPI_UART.c ****             {
 174:Generated_Source\PSoC4/SCB_1_SPI_UART.c ****                 size = (locHead + (SCB_1_INTERNAL_RX_BUFFER_SIZE - SCB_1_rxBufferTail));
 175:Generated_Source\PSoC4/SCB_1_SPI_UART.c ****             }
 176:Generated_Source\PSoC4/SCB_1_SPI_UART.c ****         }
 177:Generated_Source\PSoC4/SCB_1_SPI_UART.c ****         #else
 178:Generated_Source\PSoC4/SCB_1_SPI_UART.c ****         {
 179:Generated_Source\PSoC4/SCB_1_SPI_UART.c ****             size = SCB_1_GET_RX_FIFO_ENTRIES;
  61              		.loc 1 179 0
  62 0000 024B     		ldr	r3, .L5
  63 0002 1B68     		ldr	r3, [r3]
  64 0004 1F20     		movs	r0, #31
  65 0006 1840     		ands	r0, r3
  66              	.LVL2:
 180:Generated_Source\PSoC4/SCB_1_SPI_UART.c ****         }
 181:Generated_Source\PSoC4/SCB_1_SPI_UART.c ****         #endif
 182:Generated_Source\PSoC4/SCB_1_SPI_UART.c **** 
 183:Generated_Source\PSoC4/SCB_1_SPI_UART.c ****         return (size);
 184:Generated_Source\PSoC4/SCB_1_SPI_UART.c ****     }
  67              		.loc 1 184 0
  68              		@ sp needed
  69 0008 7047     		bx	lr
  70              	.L6:
  71 000a C046     		.align	2
  72              	.L5:
  73 000c 08032540 		.word	1076167432
  74              		.cfi_endproc
  75              	.LFE2:
  76              		.size	SCB_1_SpiUartGetRxBufferSize, .-SCB_1_SpiUartGetRxBufferSize
  77              		.section	.text.SCB_1_SpiUartClearRxBuffer,"ax",%progbits
  78              		.align	2
  79              		.global	SCB_1_SpiUartClearRxBuffer
  80              		.code	16
  81              		.thumb_func
  82              		.type	SCB_1_SpiUartClearRxBuffer, %function
  83              	SCB_1_SpiUartClearRxBuffer:
  84              	.LFB3:
 185:Generated_Source\PSoC4/SCB_1_SPI_UART.c **** 
 186:Generated_Source\PSoC4/SCB_1_SPI_UART.c **** 
 187:Generated_Source\PSoC4/SCB_1_SPI_UART.c ****     /*******************************************************************************
 188:Generated_Source\PSoC4/SCB_1_SPI_UART.c ****     * Function Name: SCB_1_SpiUartClearRxBuffer
 189:Generated_Source\PSoC4/SCB_1_SPI_UART.c ****     ****************************************************************************//**
 190:Generated_Source\PSoC4/SCB_1_SPI_UART.c ****     *
 191:Generated_Source\PSoC4/SCB_1_SPI_UART.c ****     *  Clears the receive buffer and RX FIFO.
 192:Generated_Source\PSoC4/SCB_1_SPI_UART.c ****     *
 193:Generated_Source\PSoC4/SCB_1_SPI_UART.c ****     * \globalvars
 194:Generated_Source\PSoC4/SCB_1_SPI_UART.c ****     *  SCB_1_rxBufferHead - the start index to put data into the 
 195:Generated_Source\PSoC4/SCB_1_SPI_UART.c ****     *  software receive buffer.
 196:Generated_Source\PSoC4/SCB_1_SPI_UART.c ****     *  SCB_1_rxBufferTail - the start index to get data from the 
 197:Generated_Source\PSoC4/SCB_1_SPI_UART.c ****     *  software receive buffer.
 198:Generated_Source\PSoC4/SCB_1_SPI_UART.c ****     *
 199:Generated_Source\PSoC4/SCB_1_SPI_UART.c ****     *******************************************************************************/
 200:Generated_Source\PSoC4/SCB_1_SPI_UART.c ****     void SCB_1_SpiUartClearRxBuffer(void)
 201:Generated_Source\PSoC4/SCB_1_SPI_UART.c ****     {
ARM GAS  C:\Users\DADSPC~1\AppData\Local\Temp\ccxWpVZR.s 			page 6


  85              		.loc 1 201 0
  86              		.cfi_startproc
  87              		@ args = 0, pretend = 0, frame = 0
  88              		@ frame_needed = 0, uses_anonymous_args = 0
  89              		@ link register save eliminated.
 202:Generated_Source\PSoC4/SCB_1_SPI_UART.c ****         #if (SCB_1_CHECK_RX_SW_BUFFER)
 203:Generated_Source\PSoC4/SCB_1_SPI_UART.c ****         {
 204:Generated_Source\PSoC4/SCB_1_SPI_UART.c ****             /* Lock from component interruption */
 205:Generated_Source\PSoC4/SCB_1_SPI_UART.c ****             SCB_1_DisableInt();
 206:Generated_Source\PSoC4/SCB_1_SPI_UART.c **** 
 207:Generated_Source\PSoC4/SCB_1_SPI_UART.c ****             /* Flush RX software buffer */
 208:Generated_Source\PSoC4/SCB_1_SPI_UART.c ****             SCB_1_rxBufferHead = SCB_1_rxBufferTail;
 209:Generated_Source\PSoC4/SCB_1_SPI_UART.c ****             SCB_1_rxBufferOverflow = 0u;
 210:Generated_Source\PSoC4/SCB_1_SPI_UART.c **** 
 211:Generated_Source\PSoC4/SCB_1_SPI_UART.c ****             SCB_1_CLEAR_RX_FIFO;
 212:Generated_Source\PSoC4/SCB_1_SPI_UART.c ****             SCB_1_ClearRxInterruptSource(SCB_1_INTR_RX_ALL);
 213:Generated_Source\PSoC4/SCB_1_SPI_UART.c **** 
 214:Generated_Source\PSoC4/SCB_1_SPI_UART.c ****             #if (SCB_1_CHECK_UART_RTS_CONTROL_FLOW)
 215:Generated_Source\PSoC4/SCB_1_SPI_UART.c ****             {
 216:Generated_Source\PSoC4/SCB_1_SPI_UART.c ****                 /* Enable RX Not Empty interrupt source to continue receiving
 217:Generated_Source\PSoC4/SCB_1_SPI_UART.c ****                 * data into software buffer.
 218:Generated_Source\PSoC4/SCB_1_SPI_UART.c ****                 */
 219:Generated_Source\PSoC4/SCB_1_SPI_UART.c ****                 SCB_1_INTR_RX_MASK_REG |= SCB_1_INTR_RX_NOT_EMPTY;
 220:Generated_Source\PSoC4/SCB_1_SPI_UART.c ****             }
 221:Generated_Source\PSoC4/SCB_1_SPI_UART.c ****             #endif
 222:Generated_Source\PSoC4/SCB_1_SPI_UART.c ****             
 223:Generated_Source\PSoC4/SCB_1_SPI_UART.c ****             /* Release lock */
 224:Generated_Source\PSoC4/SCB_1_SPI_UART.c ****             SCB_1_EnableInt();
 225:Generated_Source\PSoC4/SCB_1_SPI_UART.c ****         }
 226:Generated_Source\PSoC4/SCB_1_SPI_UART.c ****         #else
 227:Generated_Source\PSoC4/SCB_1_SPI_UART.c ****         {
 228:Generated_Source\PSoC4/SCB_1_SPI_UART.c ****             SCB_1_CLEAR_RX_FIFO;
  90              		.loc 1 228 0
  91 0000 054B     		ldr	r3, .L8
  92 0002 1A68     		ldr	r2, [r3]
  93 0004 8021     		movs	r1, #128
  94 0006 4902     		lsls	r1, r1, #9
  95 0008 0A43     		orrs	r2, r1
  96 000a 1A60     		str	r2, [r3]
  97 000c 1968     		ldr	r1, [r3]
  98 000e 034A     		ldr	r2, .L8+4
  99 0010 0A40     		ands	r2, r1
 100 0012 1A60     		str	r2, [r3]
 229:Generated_Source\PSoC4/SCB_1_SPI_UART.c ****         }
 230:Generated_Source\PSoC4/SCB_1_SPI_UART.c ****         #endif
 231:Generated_Source\PSoC4/SCB_1_SPI_UART.c ****     }
 101              		.loc 1 231 0
 102              		@ sp needed
 103 0014 7047     		bx	lr
 104              	.L9:
 105 0016 C046     		.align	2
 106              	.L8:
 107 0018 04032540 		.word	1076167428
 108 001c FFFFFEFF 		.word	-65537
 109              		.cfi_endproc
 110              	.LFE3:
 111              		.size	SCB_1_SpiUartClearRxBuffer, .-SCB_1_SpiUartClearRxBuffer
ARM GAS  C:\Users\DADSPC~1\AppData\Local\Temp\ccxWpVZR.s 			page 7


 112              		.section	.text.SCB_1_SpiUartWriteTxData,"ax",%progbits
 113              		.align	2
 114              		.global	SCB_1_SpiUartWriteTxData
 115              		.code	16
 116              		.thumb_func
 117              		.type	SCB_1_SpiUartWriteTxData, %function
 118              	SCB_1_SpiUartWriteTxData:
 119              	.LFB4:
 232:Generated_Source\PSoC4/SCB_1_SPI_UART.c **** 
 233:Generated_Source\PSoC4/SCB_1_SPI_UART.c **** #endif /* (SCB_1_RX_DIRECTION) */
 234:Generated_Source\PSoC4/SCB_1_SPI_UART.c **** 
 235:Generated_Source\PSoC4/SCB_1_SPI_UART.c **** 
 236:Generated_Source\PSoC4/SCB_1_SPI_UART.c **** #if(SCB_1_TX_DIRECTION)
 237:Generated_Source\PSoC4/SCB_1_SPI_UART.c ****     /*******************************************************************************
 238:Generated_Source\PSoC4/SCB_1_SPI_UART.c ****     * Function Name: SCB_1_SpiUartWriteTxData
 239:Generated_Source\PSoC4/SCB_1_SPI_UART.c ****     ****************************************************************************//**
 240:Generated_Source\PSoC4/SCB_1_SPI_UART.c ****     *
 241:Generated_Source\PSoC4/SCB_1_SPI_UART.c ****     *  Places a data entry into the transmit buffer to be sent at the next available
 242:Generated_Source\PSoC4/SCB_1_SPI_UART.c ****     *  bus time.
 243:Generated_Source\PSoC4/SCB_1_SPI_UART.c ****     *  This function is blocking and waits until there is space available to put the
 244:Generated_Source\PSoC4/SCB_1_SPI_UART.c ****     *  requested data in the transmit buffer.
 245:Generated_Source\PSoC4/SCB_1_SPI_UART.c ****     *
 246:Generated_Source\PSoC4/SCB_1_SPI_UART.c ****     *  \param txDataByte: the data to be transmitted.
 247:Generated_Source\PSoC4/SCB_1_SPI_UART.c ****     *   The amount of data bits to be transmitted depends on TX data bits selection 
 248:Generated_Source\PSoC4/SCB_1_SPI_UART.c ****     *   (the data bit counting starts from LSB of txDataByte).
 249:Generated_Source\PSoC4/SCB_1_SPI_UART.c ****     *
 250:Generated_Source\PSoC4/SCB_1_SPI_UART.c ****     * \globalvars
 251:Generated_Source\PSoC4/SCB_1_SPI_UART.c ****     *  SCB_1_txBufferHead - the start index to put data into the 
 252:Generated_Source\PSoC4/SCB_1_SPI_UART.c ****     *  software transmit buffer.
 253:Generated_Source\PSoC4/SCB_1_SPI_UART.c ****     *  SCB_1_txBufferTail - start index to get data from the software
 254:Generated_Source\PSoC4/SCB_1_SPI_UART.c ****     *  transmit buffer.
 255:Generated_Source\PSoC4/SCB_1_SPI_UART.c ****     *
 256:Generated_Source\PSoC4/SCB_1_SPI_UART.c ****     *******************************************************************************/
 257:Generated_Source\PSoC4/SCB_1_SPI_UART.c ****     void SCB_1_SpiUartWriteTxData(uint32 txData)
 258:Generated_Source\PSoC4/SCB_1_SPI_UART.c ****     {
 120              		.loc 1 258 0
 121              		.cfi_startproc
 122              		@ args = 0, pretend = 0, frame = 0
 123              		@ frame_needed = 0, uses_anonymous_args = 0
 124              		@ link register save eliminated.
 125              	.LVL3:
 126              	.L11:
 259:Generated_Source\PSoC4/SCB_1_SPI_UART.c ****     #if (SCB_1_INTERNAL_TX_SW_BUFFER_CONST)
 260:Generated_Source\PSoC4/SCB_1_SPI_UART.c ****         uint32 locHead;
 261:Generated_Source\PSoC4/SCB_1_SPI_UART.c ****     #endif /* (SCB_1_INTERNAL_TX_SW_BUFFER_CONST) */
 262:Generated_Source\PSoC4/SCB_1_SPI_UART.c **** 
 263:Generated_Source\PSoC4/SCB_1_SPI_UART.c ****         #if (SCB_1_CHECK_TX_SW_BUFFER)
 264:Generated_Source\PSoC4/SCB_1_SPI_UART.c ****         {
 265:Generated_Source\PSoC4/SCB_1_SPI_UART.c ****             /* Put data directly into the TX FIFO */
 266:Generated_Source\PSoC4/SCB_1_SPI_UART.c ****             if ((SCB_1_txBufferHead == SCB_1_txBufferTail) &&
 267:Generated_Source\PSoC4/SCB_1_SPI_UART.c ****                 (SCB_1_SPI_UART_FIFO_SIZE != SCB_1_GET_TX_FIFO_ENTRIES))
 268:Generated_Source\PSoC4/SCB_1_SPI_UART.c ****             {
 269:Generated_Source\PSoC4/SCB_1_SPI_UART.c ****                 /* TX software buffer is empty: put data directly in TX FIFO */
 270:Generated_Source\PSoC4/SCB_1_SPI_UART.c ****                 SCB_1_TX_FIFO_WR_REG = txData;
 271:Generated_Source\PSoC4/SCB_1_SPI_UART.c ****             }
 272:Generated_Source\PSoC4/SCB_1_SPI_UART.c ****             /* Put data into TX software buffer */
 273:Generated_Source\PSoC4/SCB_1_SPI_UART.c ****             else
ARM GAS  C:\Users\DADSPC~1\AppData\Local\Temp\ccxWpVZR.s 			page 8


 274:Generated_Source\PSoC4/SCB_1_SPI_UART.c ****             {
 275:Generated_Source\PSoC4/SCB_1_SPI_UART.c ****                 /* Head index to put data */
 276:Generated_Source\PSoC4/SCB_1_SPI_UART.c ****                 locHead = (SCB_1_txBufferHead + 1u);
 277:Generated_Source\PSoC4/SCB_1_SPI_UART.c **** 
 278:Generated_Source\PSoC4/SCB_1_SPI_UART.c ****                 /* Adjust TX software buffer index */
 279:Generated_Source\PSoC4/SCB_1_SPI_UART.c ****                 if (SCB_1_TX_BUFFER_SIZE == locHead)
 280:Generated_Source\PSoC4/SCB_1_SPI_UART.c ****                 {
 281:Generated_Source\PSoC4/SCB_1_SPI_UART.c ****                     locHead = 0u;
 282:Generated_Source\PSoC4/SCB_1_SPI_UART.c ****                 }
 283:Generated_Source\PSoC4/SCB_1_SPI_UART.c **** 
 284:Generated_Source\PSoC4/SCB_1_SPI_UART.c ****                 /* Wait for space in TX software buffer */
 285:Generated_Source\PSoC4/SCB_1_SPI_UART.c ****                 while (locHead == SCB_1_txBufferTail)
 286:Generated_Source\PSoC4/SCB_1_SPI_UART.c ****                 {
 287:Generated_Source\PSoC4/SCB_1_SPI_UART.c ****                 }
 288:Generated_Source\PSoC4/SCB_1_SPI_UART.c **** 
 289:Generated_Source\PSoC4/SCB_1_SPI_UART.c ****                 /* TX software buffer has at least one room */
 290:Generated_Source\PSoC4/SCB_1_SPI_UART.c **** 
 291:Generated_Source\PSoC4/SCB_1_SPI_UART.c ****                 /* Clear old status of INTR_TX_NOT_FULL. It sets at the end of transfer when TX FIF
 292:Generated_Source\PSoC4/SCB_1_SPI_UART.c ****                 SCB_1_ClearTxInterruptSource(SCB_1_INTR_TX_NOT_FULL);
 293:Generated_Source\PSoC4/SCB_1_SPI_UART.c **** 
 294:Generated_Source\PSoC4/SCB_1_SPI_UART.c ****                 SCB_1_PutWordInTxBuffer(locHead, txData);
 295:Generated_Source\PSoC4/SCB_1_SPI_UART.c **** 
 296:Generated_Source\PSoC4/SCB_1_SPI_UART.c ****                 SCB_1_txBufferHead = locHead;
 297:Generated_Source\PSoC4/SCB_1_SPI_UART.c **** 
 298:Generated_Source\PSoC4/SCB_1_SPI_UART.c ****                 /* Check if TX Not Full is disabled in interrupt */
 299:Generated_Source\PSoC4/SCB_1_SPI_UART.c ****                 if (0u == (SCB_1_INTR_TX_MASK_REG & SCB_1_INTR_TX_NOT_FULL))
 300:Generated_Source\PSoC4/SCB_1_SPI_UART.c ****                 {
 301:Generated_Source\PSoC4/SCB_1_SPI_UART.c ****                     /* Enable TX Not Full interrupt source to transmit from software buffer */
 302:Generated_Source\PSoC4/SCB_1_SPI_UART.c ****                     SCB_1_INTR_TX_MASK_REG |= (uint32) SCB_1_INTR_TX_NOT_FULL;
 303:Generated_Source\PSoC4/SCB_1_SPI_UART.c ****                 }
 304:Generated_Source\PSoC4/SCB_1_SPI_UART.c ****             }
 305:Generated_Source\PSoC4/SCB_1_SPI_UART.c ****         }
 306:Generated_Source\PSoC4/SCB_1_SPI_UART.c ****         #else
 307:Generated_Source\PSoC4/SCB_1_SPI_UART.c ****         {
 308:Generated_Source\PSoC4/SCB_1_SPI_UART.c ****             /* Wait until TX FIFO has space to put data element */
 309:Generated_Source\PSoC4/SCB_1_SPI_UART.c ****             while (SCB_1_SPI_UART_FIFO_SIZE == SCB_1_GET_TX_FIFO_ENTRIES)
 127              		.loc 1 309 0 discriminator 1
 128 0000 044B     		ldr	r3, .L12
 129 0002 1B68     		ldr	r3, [r3]
 130 0004 1F22     		movs	r2, #31
 131 0006 1340     		ands	r3, r2
 132 0008 082B     		cmp	r3, #8
 133 000a F9D0     		beq	.L11
 310:Generated_Source\PSoC4/SCB_1_SPI_UART.c ****             {
 311:Generated_Source\PSoC4/SCB_1_SPI_UART.c ****             }
 312:Generated_Source\PSoC4/SCB_1_SPI_UART.c **** 
 313:Generated_Source\PSoC4/SCB_1_SPI_UART.c ****             SCB_1_TX_FIFO_WR_REG = txData;
 134              		.loc 1 313 0
 135 000c 024B     		ldr	r3, .L12+4
 136 000e 1860     		str	r0, [r3]
 314:Generated_Source\PSoC4/SCB_1_SPI_UART.c ****         }
 315:Generated_Source\PSoC4/SCB_1_SPI_UART.c ****         #endif
 316:Generated_Source\PSoC4/SCB_1_SPI_UART.c ****     }
 137              		.loc 1 316 0
 138              		@ sp needed
 139 0010 7047     		bx	lr
 140              	.L13:
ARM GAS  C:\Users\DADSPC~1\AppData\Local\Temp\ccxWpVZR.s 			page 9


 141 0012 C046     		.align	2
 142              	.L12:
 143 0014 08022540 		.word	1076167176
 144 0018 40022540 		.word	1076167232
 145              		.cfi_endproc
 146              	.LFE4:
 147              		.size	SCB_1_SpiUartWriteTxData, .-SCB_1_SpiUartWriteTxData
 148              		.section	.text.SCB_1_SpiUartPutArray,"ax",%progbits
 149              		.align	2
 150              		.global	SCB_1_SpiUartPutArray
 151              		.code	16
 152              		.thumb_func
 153              		.type	SCB_1_SpiUartPutArray, %function
 154              	SCB_1_SpiUartPutArray:
 155              	.LFB5:
 317:Generated_Source\PSoC4/SCB_1_SPI_UART.c **** 
 318:Generated_Source\PSoC4/SCB_1_SPI_UART.c **** 
 319:Generated_Source\PSoC4/SCB_1_SPI_UART.c ****     /*******************************************************************************
 320:Generated_Source\PSoC4/SCB_1_SPI_UART.c ****     * Function Name: SCB_1_SpiUartPutArray
 321:Generated_Source\PSoC4/SCB_1_SPI_UART.c ****     ****************************************************************************//**
 322:Generated_Source\PSoC4/SCB_1_SPI_UART.c ****     *
 323:Generated_Source\PSoC4/SCB_1_SPI_UART.c ****     *  Places an array of data into the transmit buffer to be sent.
 324:Generated_Source\PSoC4/SCB_1_SPI_UART.c ****     *  This function is blocking and waits until there is a space available to put
 325:Generated_Source\PSoC4/SCB_1_SPI_UART.c ****     *  all the requested data in the transmit buffer. The array size can be greater
 326:Generated_Source\PSoC4/SCB_1_SPI_UART.c ****     *  than transmit buffer size.
 327:Generated_Source\PSoC4/SCB_1_SPI_UART.c ****     *
 328:Generated_Source\PSoC4/SCB_1_SPI_UART.c ****     * \param wrBuf: pointer to an array of data to be placed in transmit buffer. 
 329:Generated_Source\PSoC4/SCB_1_SPI_UART.c ****     *  The width of the data to be transmitted depends on TX data width selection 
 330:Generated_Source\PSoC4/SCB_1_SPI_UART.c ****     *  (the data bit counting starts from LSB for each array element).
 331:Generated_Source\PSoC4/SCB_1_SPI_UART.c ****     * \param count: number of data elements to be placed in the transmit buffer.
 332:Generated_Source\PSoC4/SCB_1_SPI_UART.c ****     *
 333:Generated_Source\PSoC4/SCB_1_SPI_UART.c ****     * \globalvars
 334:Generated_Source\PSoC4/SCB_1_SPI_UART.c ****     *  SCB_1_txBufferHead - the start index to put data into the 
 335:Generated_Source\PSoC4/SCB_1_SPI_UART.c ****     *  software transmit buffer.
 336:Generated_Source\PSoC4/SCB_1_SPI_UART.c ****     *  SCB_1_txBufferTail - start index to get data from the software
 337:Generated_Source\PSoC4/SCB_1_SPI_UART.c ****     *  transmit buffer.
 338:Generated_Source\PSoC4/SCB_1_SPI_UART.c ****     *
 339:Generated_Source\PSoC4/SCB_1_SPI_UART.c ****     *******************************************************************************/
 340:Generated_Source\PSoC4/SCB_1_SPI_UART.c ****     void SCB_1_SpiUartPutArray(const uint16 wrBuf[], uint32 count)
 341:Generated_Source\PSoC4/SCB_1_SPI_UART.c ****     {
 156              		.loc 1 341 0
 157              		.cfi_startproc
 158              		@ args = 0, pretend = 0, frame = 0
 159              		@ frame_needed = 0, uses_anonymous_args = 0
 160              	.LVL4:
 161 0000 70B5     		push	{r4, r5, r6, lr}
 162              		.cfi_def_cfa_offset 16
 163              		.cfi_offset 4, -16
 164              		.cfi_offset 5, -12
 165              		.cfi_offset 6, -8
 166              		.cfi_offset 14, -4
 167 0002 0600     		movs	r6, r0
 168 0004 0D00     		movs	r5, r1
 169              	.LVL5:
 342:Generated_Source\PSoC4/SCB_1_SPI_UART.c ****         uint32 i;
 343:Generated_Source\PSoC4/SCB_1_SPI_UART.c **** 
 344:Generated_Source\PSoC4/SCB_1_SPI_UART.c ****         for (i=0u; i < count; i++)
ARM GAS  C:\Users\DADSPC~1\AppData\Local\Temp\ccxWpVZR.s 			page 10


 170              		.loc 1 344 0
 171 0006 0024     		movs	r4, #0
 172 0008 04E0     		b	.L15
 173              	.LVL6:
 174              	.L16:
 345:Generated_Source\PSoC4/SCB_1_SPI_UART.c ****         {
 346:Generated_Source\PSoC4/SCB_1_SPI_UART.c ****             SCB_1_SpiUartWriteTxData((uint32) wrBuf[i]);
 175              		.loc 1 346 0 discriminator 3
 176 000a 6300     		lsls	r3, r4, #1
 177 000c 985B     		ldrh	r0, [r3, r6]
 178 000e FFF7FEFF 		bl	SCB_1_SpiUartWriteTxData
 179              	.LVL7:
 344:Generated_Source\PSoC4/SCB_1_SPI_UART.c ****         {
 180              		.loc 1 344 0 discriminator 3
 181 0012 0134     		adds	r4, r4, #1
 182              	.LVL8:
 183              	.L15:
 344:Generated_Source\PSoC4/SCB_1_SPI_UART.c ****         {
 184              		.loc 1 344 0 is_stmt 0 discriminator 1
 185 0014 AC42     		cmp	r4, r5
 186 0016 F8D3     		bcc	.L16
 347:Generated_Source\PSoC4/SCB_1_SPI_UART.c ****         }
 348:Generated_Source\PSoC4/SCB_1_SPI_UART.c ****     }
 187              		.loc 1 348 0 is_stmt 1
 188              		@ sp needed
 189              	.LVL9:
 190              	.LVL10:
 191              	.LVL11:
 192 0018 70BD     		pop	{r4, r5, r6, pc}
 193              		.cfi_endproc
 194              	.LFE5:
 195              		.size	SCB_1_SpiUartPutArray, .-SCB_1_SpiUartPutArray
 196 001a C046     		.section	.text.SCB_1_SpiUartGetTxBufferSize,"ax",%progbits
 197              		.align	2
 198              		.global	SCB_1_SpiUartGetTxBufferSize
 199              		.code	16
 200              		.thumb_func
 201              		.type	SCB_1_SpiUartGetTxBufferSize, %function
 202              	SCB_1_SpiUartGetTxBufferSize:
 203              	.LFB6:
 349:Generated_Source\PSoC4/SCB_1_SPI_UART.c **** 
 350:Generated_Source\PSoC4/SCB_1_SPI_UART.c **** 
 351:Generated_Source\PSoC4/SCB_1_SPI_UART.c ****     /*******************************************************************************
 352:Generated_Source\PSoC4/SCB_1_SPI_UART.c ****     * Function Name: SCB_1_SpiUartGetTxBufferSize
 353:Generated_Source\PSoC4/SCB_1_SPI_UART.c ****     ****************************************************************************//**
 354:Generated_Source\PSoC4/SCB_1_SPI_UART.c ****     *
 355:Generated_Source\PSoC4/SCB_1_SPI_UART.c ****     *  Returns the number of elements currently in the transmit buffer.
 356:Generated_Source\PSoC4/SCB_1_SPI_UART.c ****     *   - TX software buffer is disabled: returns the number of used entries in
 357:Generated_Source\PSoC4/SCB_1_SPI_UART.c ****     *     TX FIFO.
 358:Generated_Source\PSoC4/SCB_1_SPI_UART.c ****     *   - TX software buffer is enabled: returns the number of elements currently
 359:Generated_Source\PSoC4/SCB_1_SPI_UART.c ****     *     used in the transmit buffer. This number does not include used entries in
 360:Generated_Source\PSoC4/SCB_1_SPI_UART.c ****     *     the TX FIFO. The transmit buffer size is zero until the TX FIFO is
 361:Generated_Source\PSoC4/SCB_1_SPI_UART.c ****     *     not full.
 362:Generated_Source\PSoC4/SCB_1_SPI_UART.c ****     *
 363:Generated_Source\PSoC4/SCB_1_SPI_UART.c ****     * \return
 364:Generated_Source\PSoC4/SCB_1_SPI_UART.c ****     *  Number of data elements ready to transmit.
 365:Generated_Source\PSoC4/SCB_1_SPI_UART.c ****     *
ARM GAS  C:\Users\DADSPC~1\AppData\Local\Temp\ccxWpVZR.s 			page 11


 366:Generated_Source\PSoC4/SCB_1_SPI_UART.c ****     * \globalvars
 367:Generated_Source\PSoC4/SCB_1_SPI_UART.c ****     *  SCB_1_txBufferHead - the start index to put data into the 
 368:Generated_Source\PSoC4/SCB_1_SPI_UART.c ****     *  software transmit buffer.
 369:Generated_Source\PSoC4/SCB_1_SPI_UART.c ****     *  SCB_1_txBufferTail - start index to get data from the software
 370:Generated_Source\PSoC4/SCB_1_SPI_UART.c ****     *  transmit buffer.
 371:Generated_Source\PSoC4/SCB_1_SPI_UART.c ****     *
 372:Generated_Source\PSoC4/SCB_1_SPI_UART.c ****     *******************************************************************************/
 373:Generated_Source\PSoC4/SCB_1_SPI_UART.c ****     uint32 SCB_1_SpiUartGetTxBufferSize(void)
 374:Generated_Source\PSoC4/SCB_1_SPI_UART.c ****     {
 204              		.loc 1 374 0
 205              		.cfi_startproc
 206              		@ args = 0, pretend = 0, frame = 0
 207              		@ frame_needed = 0, uses_anonymous_args = 0
 208              		@ link register save eliminated.
 375:Generated_Source\PSoC4/SCB_1_SPI_UART.c ****         uint32 size;
 376:Generated_Source\PSoC4/SCB_1_SPI_UART.c ****     #if (SCB_1_INTERNAL_TX_SW_BUFFER_CONST)
 377:Generated_Source\PSoC4/SCB_1_SPI_UART.c ****         uint32 locTail;
 378:Generated_Source\PSoC4/SCB_1_SPI_UART.c ****     #endif /* (SCB_1_INTERNAL_TX_SW_BUFFER_CONST) */
 379:Generated_Source\PSoC4/SCB_1_SPI_UART.c **** 
 380:Generated_Source\PSoC4/SCB_1_SPI_UART.c ****         #if (SCB_1_CHECK_TX_SW_BUFFER)
 381:Generated_Source\PSoC4/SCB_1_SPI_UART.c ****         {
 382:Generated_Source\PSoC4/SCB_1_SPI_UART.c ****             /* Get current Tail index */
 383:Generated_Source\PSoC4/SCB_1_SPI_UART.c ****             locTail = SCB_1_txBufferTail;
 384:Generated_Source\PSoC4/SCB_1_SPI_UART.c **** 
 385:Generated_Source\PSoC4/SCB_1_SPI_UART.c ****             if (SCB_1_txBufferHead >= locTail)
 386:Generated_Source\PSoC4/SCB_1_SPI_UART.c ****             {
 387:Generated_Source\PSoC4/SCB_1_SPI_UART.c ****                 size = (SCB_1_txBufferHead - locTail);
 388:Generated_Source\PSoC4/SCB_1_SPI_UART.c ****             }
 389:Generated_Source\PSoC4/SCB_1_SPI_UART.c ****             else
 390:Generated_Source\PSoC4/SCB_1_SPI_UART.c ****             {
 391:Generated_Source\PSoC4/SCB_1_SPI_UART.c ****                 size = (SCB_1_txBufferHead + (SCB_1_TX_BUFFER_SIZE - locTail));
 392:Generated_Source\PSoC4/SCB_1_SPI_UART.c ****             }
 393:Generated_Source\PSoC4/SCB_1_SPI_UART.c ****         }
 394:Generated_Source\PSoC4/SCB_1_SPI_UART.c ****         #else
 395:Generated_Source\PSoC4/SCB_1_SPI_UART.c ****         {
 396:Generated_Source\PSoC4/SCB_1_SPI_UART.c ****             size = SCB_1_GET_TX_FIFO_ENTRIES;
 209              		.loc 1 396 0
 210 0000 024B     		ldr	r3, .L18
 211 0002 1B68     		ldr	r3, [r3]
 212 0004 1F20     		movs	r0, #31
 213 0006 1840     		ands	r0, r3
 214              	.LVL12:
 397:Generated_Source\PSoC4/SCB_1_SPI_UART.c ****         }
 398:Generated_Source\PSoC4/SCB_1_SPI_UART.c ****         #endif
 399:Generated_Source\PSoC4/SCB_1_SPI_UART.c **** 
 400:Generated_Source\PSoC4/SCB_1_SPI_UART.c ****         return (size);
 401:Generated_Source\PSoC4/SCB_1_SPI_UART.c ****     }
 215              		.loc 1 401 0
 216              		@ sp needed
 217 0008 7047     		bx	lr
 218              	.L19:
 219 000a C046     		.align	2
 220              	.L18:
 221 000c 08022540 		.word	1076167176
 222              		.cfi_endproc
 223              	.LFE6:
 224              		.size	SCB_1_SpiUartGetTxBufferSize, .-SCB_1_SpiUartGetTxBufferSize
ARM GAS  C:\Users\DADSPC~1\AppData\Local\Temp\ccxWpVZR.s 			page 12


 225              		.section	.text.SCB_1_SpiUartClearTxBuffer,"ax",%progbits
 226              		.align	2
 227              		.global	SCB_1_SpiUartClearTxBuffer
 228              		.code	16
 229              		.thumb_func
 230              		.type	SCB_1_SpiUartClearTxBuffer, %function
 231              	SCB_1_SpiUartClearTxBuffer:
 232              	.LFB7:
 402:Generated_Source\PSoC4/SCB_1_SPI_UART.c **** 
 403:Generated_Source\PSoC4/SCB_1_SPI_UART.c **** 
 404:Generated_Source\PSoC4/SCB_1_SPI_UART.c ****     /*******************************************************************************
 405:Generated_Source\PSoC4/SCB_1_SPI_UART.c ****     * Function Name: SCB_1_SpiUartClearTxBuffer
 406:Generated_Source\PSoC4/SCB_1_SPI_UART.c ****     ****************************************************************************//**
 407:Generated_Source\PSoC4/SCB_1_SPI_UART.c ****     *
 408:Generated_Source\PSoC4/SCB_1_SPI_UART.c ****     *  Clears the transmit buffer and TX FIFO.
 409:Generated_Source\PSoC4/SCB_1_SPI_UART.c ****     *
 410:Generated_Source\PSoC4/SCB_1_SPI_UART.c ****     * \globalvars
 411:Generated_Source\PSoC4/SCB_1_SPI_UART.c ****     *  SCB_1_txBufferHead - the start index to put data into the 
 412:Generated_Source\PSoC4/SCB_1_SPI_UART.c ****     *  software transmit buffer.
 413:Generated_Source\PSoC4/SCB_1_SPI_UART.c ****     *  SCB_1_txBufferTail - start index to get data from the software
 414:Generated_Source\PSoC4/SCB_1_SPI_UART.c ****     *  transmit buffer.
 415:Generated_Source\PSoC4/SCB_1_SPI_UART.c ****     *
 416:Generated_Source\PSoC4/SCB_1_SPI_UART.c ****     *******************************************************************************/
 417:Generated_Source\PSoC4/SCB_1_SPI_UART.c ****     void SCB_1_SpiUartClearTxBuffer(void)
 418:Generated_Source\PSoC4/SCB_1_SPI_UART.c ****     {
 233              		.loc 1 418 0
 234              		.cfi_startproc
 235              		@ args = 0, pretend = 0, frame = 0
 236              		@ frame_needed = 0, uses_anonymous_args = 0
 237              		@ link register save eliminated.
 419:Generated_Source\PSoC4/SCB_1_SPI_UART.c ****         #if (SCB_1_CHECK_TX_SW_BUFFER)
 420:Generated_Source\PSoC4/SCB_1_SPI_UART.c ****         {
 421:Generated_Source\PSoC4/SCB_1_SPI_UART.c ****             /* Lock from component interruption */
 422:Generated_Source\PSoC4/SCB_1_SPI_UART.c ****             SCB_1_DisableInt();
 423:Generated_Source\PSoC4/SCB_1_SPI_UART.c **** 
 424:Generated_Source\PSoC4/SCB_1_SPI_UART.c ****             /* Flush TX software buffer */
 425:Generated_Source\PSoC4/SCB_1_SPI_UART.c ****             SCB_1_txBufferHead = SCB_1_txBufferTail;
 426:Generated_Source\PSoC4/SCB_1_SPI_UART.c **** 
 427:Generated_Source\PSoC4/SCB_1_SPI_UART.c ****             SCB_1_INTR_TX_MASK_REG &= (uint32) ~SCB_1_INTR_TX_NOT_FULL;
 428:Generated_Source\PSoC4/SCB_1_SPI_UART.c ****             SCB_1_CLEAR_TX_FIFO;
 429:Generated_Source\PSoC4/SCB_1_SPI_UART.c ****             SCB_1_ClearTxInterruptSource(SCB_1_INTR_TX_ALL);
 430:Generated_Source\PSoC4/SCB_1_SPI_UART.c **** 
 431:Generated_Source\PSoC4/SCB_1_SPI_UART.c ****             /* Release lock */
 432:Generated_Source\PSoC4/SCB_1_SPI_UART.c ****             SCB_1_EnableInt();
 433:Generated_Source\PSoC4/SCB_1_SPI_UART.c ****         }
 434:Generated_Source\PSoC4/SCB_1_SPI_UART.c ****         #else
 435:Generated_Source\PSoC4/SCB_1_SPI_UART.c ****         {
 436:Generated_Source\PSoC4/SCB_1_SPI_UART.c ****             SCB_1_CLEAR_TX_FIFO;
 238              		.loc 1 436 0
 239 0000 054B     		ldr	r3, .L21
 240 0002 1A68     		ldr	r2, [r3]
 241 0004 8021     		movs	r1, #128
 242 0006 4902     		lsls	r1, r1, #9
 243 0008 0A43     		orrs	r2, r1
 244 000a 1A60     		str	r2, [r3]
 245 000c 1968     		ldr	r1, [r3]
 246 000e 034A     		ldr	r2, .L21+4
ARM GAS  C:\Users\DADSPC~1\AppData\Local\Temp\ccxWpVZR.s 			page 13


 247 0010 0A40     		ands	r2, r1
 248 0012 1A60     		str	r2, [r3]
 437:Generated_Source\PSoC4/SCB_1_SPI_UART.c ****         }
 438:Generated_Source\PSoC4/SCB_1_SPI_UART.c ****         #endif
 439:Generated_Source\PSoC4/SCB_1_SPI_UART.c ****     }
 249              		.loc 1 439 0
 250              		@ sp needed
 251 0014 7047     		bx	lr
 252              	.L22:
 253 0016 C046     		.align	2
 254              	.L21:
 255 0018 04022540 		.word	1076167172
 256 001c FFFFFEFF 		.word	-65537
 257              		.cfi_endproc
 258              	.LFE7:
 259              		.size	SCB_1_SpiUartClearTxBuffer, .-SCB_1_SpiUartClearTxBuffer
 260              		.section	.text.SCB_1_SpiUartDisableIntRx,"ax",%progbits
 261              		.align	2
 262              		.global	SCB_1_SpiUartDisableIntRx
 263              		.code	16
 264              		.thumb_func
 265              		.type	SCB_1_SpiUartDisableIntRx, %function
 266              	SCB_1_SpiUartDisableIntRx:
 267              	.LFB8:
 440:Generated_Source\PSoC4/SCB_1_SPI_UART.c **** 
 441:Generated_Source\PSoC4/SCB_1_SPI_UART.c **** #endif /* (SCB_1_TX_DIRECTION) */
 442:Generated_Source\PSoC4/SCB_1_SPI_UART.c **** 
 443:Generated_Source\PSoC4/SCB_1_SPI_UART.c **** 
 444:Generated_Source\PSoC4/SCB_1_SPI_UART.c **** /*******************************************************************************
 445:Generated_Source\PSoC4/SCB_1_SPI_UART.c **** * Function Name: SCB_1_SpiUartDisableIntRx
 446:Generated_Source\PSoC4/SCB_1_SPI_UART.c **** ****************************************************************************//**
 447:Generated_Source\PSoC4/SCB_1_SPI_UART.c **** *
 448:Generated_Source\PSoC4/SCB_1_SPI_UART.c **** *  Disables the RX interrupt sources.
 449:Generated_Source\PSoC4/SCB_1_SPI_UART.c **** *
 450:Generated_Source\PSoC4/SCB_1_SPI_UART.c **** *  \return
 451:Generated_Source\PSoC4/SCB_1_SPI_UART.c **** *   Returns the RX interrupt sources enabled before the function call.
 452:Generated_Source\PSoC4/SCB_1_SPI_UART.c **** *
 453:Generated_Source\PSoC4/SCB_1_SPI_UART.c **** *******************************************************************************/
 454:Generated_Source\PSoC4/SCB_1_SPI_UART.c **** uint32 SCB_1_SpiUartDisableIntRx(void)
 455:Generated_Source\PSoC4/SCB_1_SPI_UART.c **** {
 268              		.loc 1 455 0
 269              		.cfi_startproc
 270              		@ args = 0, pretend = 0, frame = 0
 271              		@ frame_needed = 0, uses_anonymous_args = 0
 272              		@ link register save eliminated.
 456:Generated_Source\PSoC4/SCB_1_SPI_UART.c ****     uint32 intSource;
 457:Generated_Source\PSoC4/SCB_1_SPI_UART.c **** 
 458:Generated_Source\PSoC4/SCB_1_SPI_UART.c ****     intSource = SCB_1_GetRxInterruptMode();
 273              		.loc 1 458 0
 274 0000 024B     		ldr	r3, .L24
 275 0002 1868     		ldr	r0, [r3]
 276              	.LVL13:
 459:Generated_Source\PSoC4/SCB_1_SPI_UART.c **** 
 460:Generated_Source\PSoC4/SCB_1_SPI_UART.c ****     SCB_1_SetRxInterruptMode(SCB_1_NO_INTR_SOURCES);
 277              		.loc 1 460 0
 278 0004 0022     		movs	r2, #0
 279 0006 1A60     		str	r2, [r3]
ARM GAS  C:\Users\DADSPC~1\AppData\Local\Temp\ccxWpVZR.s 			page 14


 461:Generated_Source\PSoC4/SCB_1_SPI_UART.c **** 
 462:Generated_Source\PSoC4/SCB_1_SPI_UART.c ****     return (intSource);
 463:Generated_Source\PSoC4/SCB_1_SPI_UART.c **** }
 280              		.loc 1 463 0
 281              		@ sp needed
 282 0008 7047     		bx	lr
 283              	.L25:
 284 000a C046     		.align	2
 285              	.L24:
 286 000c C80F2540 		.word	1076170696
 287              		.cfi_endproc
 288              	.LFE8:
 289              		.size	SCB_1_SpiUartDisableIntRx, .-SCB_1_SpiUartDisableIntRx
 290              		.section	.text.SCB_1_SpiUartDisableIntTx,"ax",%progbits
 291              		.align	2
 292              		.global	SCB_1_SpiUartDisableIntTx
 293              		.code	16
 294              		.thumb_func
 295              		.type	SCB_1_SpiUartDisableIntTx, %function
 296              	SCB_1_SpiUartDisableIntTx:
 297              	.LFB9:
 464:Generated_Source\PSoC4/SCB_1_SPI_UART.c **** 
 465:Generated_Source\PSoC4/SCB_1_SPI_UART.c **** 
 466:Generated_Source\PSoC4/SCB_1_SPI_UART.c **** /*******************************************************************************
 467:Generated_Source\PSoC4/SCB_1_SPI_UART.c **** * Function Name: SCB_1_SpiUartDisableIntTx
 468:Generated_Source\PSoC4/SCB_1_SPI_UART.c **** ****************************************************************************//**
 469:Generated_Source\PSoC4/SCB_1_SPI_UART.c **** *
 470:Generated_Source\PSoC4/SCB_1_SPI_UART.c **** *  Disables TX interrupt sources.
 471:Generated_Source\PSoC4/SCB_1_SPI_UART.c **** *
 472:Generated_Source\PSoC4/SCB_1_SPI_UART.c **** *  \return
 473:Generated_Source\PSoC4/SCB_1_SPI_UART.c **** *   Returns TX interrupt sources enabled before function call.
 474:Generated_Source\PSoC4/SCB_1_SPI_UART.c **** *
 475:Generated_Source\PSoC4/SCB_1_SPI_UART.c **** *******************************************************************************/
 476:Generated_Source\PSoC4/SCB_1_SPI_UART.c **** uint32 SCB_1_SpiUartDisableIntTx(void)
 477:Generated_Source\PSoC4/SCB_1_SPI_UART.c **** {
 298              		.loc 1 477 0
 299              		.cfi_startproc
 300              		@ args = 0, pretend = 0, frame = 0
 301              		@ frame_needed = 0, uses_anonymous_args = 0
 302              		@ link register save eliminated.
 478:Generated_Source\PSoC4/SCB_1_SPI_UART.c ****     uint32 intSourceMask;
 479:Generated_Source\PSoC4/SCB_1_SPI_UART.c **** 
 480:Generated_Source\PSoC4/SCB_1_SPI_UART.c ****     intSourceMask = SCB_1_GetTxInterruptMode();
 303              		.loc 1 480 0
 304 0000 024B     		ldr	r3, .L27
 305 0002 1868     		ldr	r0, [r3]
 306              	.LVL14:
 481:Generated_Source\PSoC4/SCB_1_SPI_UART.c **** 
 482:Generated_Source\PSoC4/SCB_1_SPI_UART.c ****     SCB_1_SetTxInterruptMode(SCB_1_NO_INTR_SOURCES);
 307              		.loc 1 482 0
 308 0004 0022     		movs	r2, #0
 309 0006 1A60     		str	r2, [r3]
 483:Generated_Source\PSoC4/SCB_1_SPI_UART.c **** 
 484:Generated_Source\PSoC4/SCB_1_SPI_UART.c ****     return (intSourceMask);
 485:Generated_Source\PSoC4/SCB_1_SPI_UART.c **** }
 310              		.loc 1 485 0
 311              		@ sp needed
ARM GAS  C:\Users\DADSPC~1\AppData\Local\Temp\ccxWpVZR.s 			page 15


 312 0008 7047     		bx	lr
 313              	.L28:
 314 000a C046     		.align	2
 315              	.L27:
 316 000c 880F2540 		.word	1076170632
 317              		.cfi_endproc
 318              	.LFE9:
 319              		.size	SCB_1_SpiUartDisableIntTx, .-SCB_1_SpiUartDisableIntTx
 320              		.text
 321              	.Letext0:
 322              		.file 2 "Generated_Source\\PSoC4/cytypes.h"
 323              		.section	.debug_info,"",%progbits
 324              	.Ldebug_info0:
 325 0000 1C020000 		.4byte	0x21c
 326 0004 0400     		.2byte	0x4
 327 0006 00000000 		.4byte	.Ldebug_abbrev0
 328 000a 04       		.byte	0x4
 329 000b 01       		.uleb128 0x1
 330 000c 31020000 		.4byte	.LASF33
 331 0010 0C       		.byte	0xc
 332 0011 99010000 		.4byte	.LASF34
 333 0015 2E000000 		.4byte	.LASF35
 334 0019 00000000 		.4byte	.Ldebug_ranges0+0
 335 001d 00000000 		.4byte	0
 336 0021 00000000 		.4byte	.Ldebug_line0
 337 0025 02       		.uleb128 0x2
 338 0026 01       		.byte	0x1
 339 0027 06       		.byte	0x6
 340 0028 C3020000 		.4byte	.LASF0
 341 002c 02       		.uleb128 0x2
 342 002d 01       		.byte	0x1
 343 002e 08       		.byte	0x8
 344 002f E2000000 		.4byte	.LASF1
 345 0033 02       		.uleb128 0x2
 346 0034 02       		.byte	0x2
 347 0035 05       		.byte	0x5
 348 0036 DB010000 		.4byte	.LASF2
 349 003a 02       		.uleb128 0x2
 350 003b 02       		.byte	0x2
 351 003c 07       		.byte	0x7
 352 003d B0000000 		.4byte	.LASF3
 353 0041 02       		.uleb128 0x2
 354 0042 04       		.byte	0x4
 355 0043 05       		.byte	0x5
 356 0044 1C020000 		.4byte	.LASF4
 357 0048 02       		.uleb128 0x2
 358 0049 04       		.byte	0x4
 359 004a 07       		.byte	0x7
 360 004b 9E000000 		.4byte	.LASF5
 361 004f 02       		.uleb128 0x2
 362 0050 08       		.byte	0x8
 363 0051 05       		.byte	0x5
 364 0052 86010000 		.4byte	.LASF6
 365 0056 02       		.uleb128 0x2
 366 0057 08       		.byte	0x8
 367 0058 07       		.byte	0x7
 368 0059 66010000 		.4byte	.LASF7
ARM GAS  C:\Users\DADSPC~1\AppData\Local\Temp\ccxWpVZR.s 			page 16


 369 005d 03       		.uleb128 0x3
 370 005e 04       		.byte	0x4
 371 005f 05       		.byte	0x5
 372 0060 696E7400 		.ascii	"int\000"
 373 0064 02       		.uleb128 0x2
 374 0065 04       		.byte	0x4
 375 0066 07       		.byte	0x7
 376 0067 7F000000 		.4byte	.LASF8
 377 006b 04       		.uleb128 0x4
 378 006c 28010000 		.4byte	.LASF9
 379 0070 02       		.byte	0x2
 380 0071 FC01     		.2byte	0x1fc
 381 0073 3A000000 		.4byte	0x3a
 382 0077 04       		.uleb128 0x4
 383 0078 47010000 		.4byte	.LASF10
 384 007c 02       		.byte	0x2
 385 007d FD01     		.2byte	0x1fd
 386 007f 48000000 		.4byte	0x48
 387 0083 02       		.uleb128 0x2
 388 0084 04       		.byte	0x4
 389 0085 04       		.byte	0x4
 390 0086 93000000 		.4byte	.LASF11
 391 008a 02       		.uleb128 0x2
 392 008b 08       		.byte	0x8
 393 008c 04       		.byte	0x4
 394 008d F0000000 		.4byte	.LASF12
 395 0091 02       		.uleb128 0x2
 396 0092 01       		.byte	0x1
 397 0093 08       		.byte	0x8
 398 0094 94010000 		.4byte	.LASF13
 399 0098 04       		.uleb128 0x4
 400 0099 00000000 		.4byte	.LASF14
 401 009d 02       		.byte	0x2
 402 009e A702     		.2byte	0x2a7
 403 00a0 A4000000 		.4byte	0xa4
 404 00a4 05       		.uleb128 0x5
 405 00a5 77000000 		.4byte	0x77
 406 00a9 02       		.uleb128 0x2
 407 00aa 08       		.byte	0x8
 408 00ab 04       		.byte	0x4
 409 00ac 25020000 		.4byte	.LASF15
 410 00b0 02       		.uleb128 0x2
 411 00b1 04       		.byte	0x4
 412 00b2 07       		.byte	0x7
 413 00b3 7D010000 		.4byte	.LASF16
 414 00b7 06       		.uleb128 0x6
 415 00b8 2F010000 		.4byte	.LASF17
 416 00bc 01       		.byte	0x1
 417 00bd 53       		.byte	0x53
 418 00be 77000000 		.4byte	0x77
 419 00c2 00000000 		.4byte	.LFB1
 420 00c6 0C000000 		.4byte	.LFE1-.LFB1
 421 00ca 01       		.uleb128 0x1
 422 00cb 9C       		.byte	0x9c
 423 00cc E0000000 		.4byte	0xe0
 424 00d0 07       		.uleb128 0x7
 425 00d1 8C000000 		.4byte	.LASF19
ARM GAS  C:\Users\DADSPC~1\AppData\Local\Temp\ccxWpVZR.s 			page 17


 426 00d5 01       		.byte	0x1
 427 00d6 55       		.byte	0x55
 428 00d7 77000000 		.4byte	0x77
 429 00db 00000000 		.4byte	.LLST0
 430 00df 00       		.byte	0
 431 00e0 06       		.uleb128 0x6
 432 00e1 CF020000 		.4byte	.LASF18
 433 00e5 01       		.byte	0x1
 434 00e6 9D       		.byte	0x9d
 435 00e7 77000000 		.4byte	0x77
 436 00eb 00000000 		.4byte	.LFB2
 437 00ef 10000000 		.4byte	.LFE2-.LFB2
 438 00f3 01       		.uleb128 0x1
 439 00f4 9C       		.byte	0x9c
 440 00f5 07010000 		.4byte	0x107
 441 00f9 08       		.uleb128 0x8
 442 00fa 99000000 		.4byte	.LASF20
 443 00fe 01       		.byte	0x1
 444 00ff 9F       		.byte	0x9f
 445 0100 77000000 		.4byte	0x77
 446 0104 01       		.uleb128 0x1
 447 0105 50       		.byte	0x50
 448 0106 00       		.byte	0
 449 0107 09       		.uleb128 0x9
 450 0108 0D010000 		.4byte	.LASF27
 451 010c 01       		.byte	0x1
 452 010d C8       		.byte	0xc8
 453 010e 00000000 		.4byte	.LFB3
 454 0112 20000000 		.4byte	.LFE3-.LFB3
 455 0116 01       		.uleb128 0x1
 456 0117 9C       		.byte	0x9c
 457 0118 0A       		.uleb128 0xa
 458 0119 C3000000 		.4byte	.LASF21
 459 011d 01       		.byte	0x1
 460 011e 0101     		.2byte	0x101
 461 0120 00000000 		.4byte	.LFB4
 462 0124 1C000000 		.4byte	.LFE4-.LFB4
 463 0128 01       		.uleb128 0x1
 464 0129 9C       		.byte	0x9c
 465 012a 3D010000 		.4byte	0x13d
 466 012e 0B       		.uleb128 0xb
 467 012f 0C000000 		.4byte	.LASF23
 468 0133 01       		.byte	0x1
 469 0134 0101     		.2byte	0x101
 470 0136 77000000 		.4byte	0x77
 471 013a 01       		.uleb128 0x1
 472 013b 50       		.byte	0x50
 473 013c 00       		.byte	0
 474 013d 0A       		.uleb128 0xa
 475 013e F7000000 		.4byte	.LASF22
 476 0142 01       		.byte	0x1
 477 0143 5401     		.2byte	0x154
 478 0145 00000000 		.4byte	.LFB5
 479 0149 1A000000 		.4byte	.LFE5-.LFB5
 480 014d 01       		.uleb128 0x1
 481 014e 9C       		.byte	0x9c
 482 014f 8B010000 		.4byte	0x18b
ARM GAS  C:\Users\DADSPC~1\AppData\Local\Temp\ccxWpVZR.s 			page 18


 483 0153 0C       		.uleb128 0xc
 484 0154 DC000000 		.4byte	.LASF24
 485 0158 01       		.byte	0x1
 486 0159 5401     		.2byte	0x154
 487 015b 8B010000 		.4byte	0x18b
 488 015f 1F000000 		.4byte	.LLST1
 489 0163 0C       		.uleb128 0xc
 490 0164 06000000 		.4byte	.LASF25
 491 0168 01       		.byte	0x1
 492 0169 5401     		.2byte	0x154
 493 016b 77000000 		.4byte	0x77
 494 016f 4B000000 		.4byte	.LLST2
 495 0173 0D       		.uleb128 0xd
 496 0174 6900     		.ascii	"i\000"
 497 0176 01       		.byte	0x1
 498 0177 5601     		.2byte	0x156
 499 0179 77000000 		.4byte	0x77
 500 017d 77000000 		.4byte	.LLST3
 501 0181 0E       		.uleb128 0xe
 502 0182 12000000 		.4byte	.LVL7
 503 0186 18010000 		.4byte	0x118
 504 018a 00       		.byte	0
 505 018b 0F       		.uleb128 0xf
 506 018c 04       		.byte	0x4
 507 018d 91010000 		.4byte	0x191
 508 0191 10       		.uleb128 0x10
 509 0192 6B000000 		.4byte	0x6b
 510 0196 11       		.uleb128 0x11
 511 0197 E5010000 		.4byte	.LASF26
 512 019b 01       		.byte	0x1
 513 019c 7501     		.2byte	0x175
 514 019e 77000000 		.4byte	0x77
 515 01a2 00000000 		.4byte	.LFB6
 516 01a6 10000000 		.4byte	.LFE6-.LFB6
 517 01aa 01       		.uleb128 0x1
 518 01ab 9C       		.byte	0x9c
 519 01ac BF010000 		.4byte	0x1bf
 520 01b0 12       		.uleb128 0x12
 521 01b1 99000000 		.4byte	.LASF20
 522 01b5 01       		.byte	0x1
 523 01b6 7701     		.2byte	0x177
 524 01b8 77000000 		.4byte	0x77
 525 01bc 01       		.uleb128 0x1
 526 01bd 50       		.byte	0x50
 527 01be 00       		.byte	0
 528 01bf 13       		.uleb128 0x13
 529 01c0 13000000 		.4byte	.LASF28
 530 01c4 01       		.byte	0x1
 531 01c5 A101     		.2byte	0x1a1
 532 01c7 00000000 		.4byte	.LFB7
 533 01cb 20000000 		.4byte	.LFE7-.LFB7
 534 01cf 01       		.uleb128 0x1
 535 01d0 9C       		.byte	0x9c
 536 01d1 11       		.uleb128 0x11
 537 01d2 C1010000 		.4byte	.LASF29
 538 01d6 01       		.byte	0x1
 539 01d7 C601     		.2byte	0x1c6
ARM GAS  C:\Users\DADSPC~1\AppData\Local\Temp\ccxWpVZR.s 			page 19


 540 01d9 77000000 		.4byte	0x77
 541 01dd 00000000 		.4byte	.LFB8
 542 01e1 10000000 		.4byte	.LFE8-.LFB8
 543 01e5 01       		.uleb128 0x1
 544 01e6 9C       		.byte	0x9c
 545 01e7 FA010000 		.4byte	0x1fa
 546 01eb 12       		.uleb128 0x12
 547 01ec 5C010000 		.4byte	.LASF30
 548 01f0 01       		.byte	0x1
 549 01f1 C801     		.2byte	0x1c8
 550 01f3 77000000 		.4byte	0x77
 551 01f7 01       		.uleb128 0x1
 552 01f8 50       		.byte	0x50
 553 01f9 00       		.byte	0
 554 01fa 14       		.uleb128 0x14
 555 01fb 02020000 		.4byte	.LASF31
 556 01ff 01       		.byte	0x1
 557 0200 DC01     		.2byte	0x1dc
 558 0202 77000000 		.4byte	0x77
 559 0206 00000000 		.4byte	.LFB9
 560 020a 10000000 		.4byte	.LFE9-.LFB9
 561 020e 01       		.uleb128 0x1
 562 020f 9C       		.byte	0x9c
 563 0210 12       		.uleb128 0x12
 564 0211 4E010000 		.4byte	.LASF32
 565 0215 01       		.byte	0x1
 566 0216 DE01     		.2byte	0x1de
 567 0218 77000000 		.4byte	0x77
 568 021c 01       		.uleb128 0x1
 569 021d 50       		.byte	0x50
 570 021e 00       		.byte	0
 571 021f 00       		.byte	0
 572              		.section	.debug_abbrev,"",%progbits
 573              	.Ldebug_abbrev0:
 574 0000 01       		.uleb128 0x1
 575 0001 11       		.uleb128 0x11
 576 0002 01       		.byte	0x1
 577 0003 25       		.uleb128 0x25
 578 0004 0E       		.uleb128 0xe
 579 0005 13       		.uleb128 0x13
 580 0006 0B       		.uleb128 0xb
 581 0007 03       		.uleb128 0x3
 582 0008 0E       		.uleb128 0xe
 583 0009 1B       		.uleb128 0x1b
 584 000a 0E       		.uleb128 0xe
 585 000b 55       		.uleb128 0x55
 586 000c 17       		.uleb128 0x17
 587 000d 11       		.uleb128 0x11
 588 000e 01       		.uleb128 0x1
 589 000f 10       		.uleb128 0x10
 590 0010 17       		.uleb128 0x17
 591 0011 00       		.byte	0
 592 0012 00       		.byte	0
 593 0013 02       		.uleb128 0x2
 594 0014 24       		.uleb128 0x24
 595 0015 00       		.byte	0
 596 0016 0B       		.uleb128 0xb
ARM GAS  C:\Users\DADSPC~1\AppData\Local\Temp\ccxWpVZR.s 			page 20


 597 0017 0B       		.uleb128 0xb
 598 0018 3E       		.uleb128 0x3e
 599 0019 0B       		.uleb128 0xb
 600 001a 03       		.uleb128 0x3
 601 001b 0E       		.uleb128 0xe
 602 001c 00       		.byte	0
 603 001d 00       		.byte	0
 604 001e 03       		.uleb128 0x3
 605 001f 24       		.uleb128 0x24
 606 0020 00       		.byte	0
 607 0021 0B       		.uleb128 0xb
 608 0022 0B       		.uleb128 0xb
 609 0023 3E       		.uleb128 0x3e
 610 0024 0B       		.uleb128 0xb
 611 0025 03       		.uleb128 0x3
 612 0026 08       		.uleb128 0x8
 613 0027 00       		.byte	0
 614 0028 00       		.byte	0
 615 0029 04       		.uleb128 0x4
 616 002a 16       		.uleb128 0x16
 617 002b 00       		.byte	0
 618 002c 03       		.uleb128 0x3
 619 002d 0E       		.uleb128 0xe
 620 002e 3A       		.uleb128 0x3a
 621 002f 0B       		.uleb128 0xb
 622 0030 3B       		.uleb128 0x3b
 623 0031 05       		.uleb128 0x5
 624 0032 49       		.uleb128 0x49
 625 0033 13       		.uleb128 0x13
 626 0034 00       		.byte	0
 627 0035 00       		.byte	0
 628 0036 05       		.uleb128 0x5
 629 0037 35       		.uleb128 0x35
 630 0038 00       		.byte	0
 631 0039 49       		.uleb128 0x49
 632 003a 13       		.uleb128 0x13
 633 003b 00       		.byte	0
 634 003c 00       		.byte	0
 635 003d 06       		.uleb128 0x6
 636 003e 2E       		.uleb128 0x2e
 637 003f 01       		.byte	0x1
 638 0040 3F       		.uleb128 0x3f
 639 0041 19       		.uleb128 0x19
 640 0042 03       		.uleb128 0x3
 641 0043 0E       		.uleb128 0xe
 642 0044 3A       		.uleb128 0x3a
 643 0045 0B       		.uleb128 0xb
 644 0046 3B       		.uleb128 0x3b
 645 0047 0B       		.uleb128 0xb
 646 0048 27       		.uleb128 0x27
 647 0049 19       		.uleb128 0x19
 648 004a 49       		.uleb128 0x49
 649 004b 13       		.uleb128 0x13
 650 004c 11       		.uleb128 0x11
 651 004d 01       		.uleb128 0x1
 652 004e 12       		.uleb128 0x12
 653 004f 06       		.uleb128 0x6
ARM GAS  C:\Users\DADSPC~1\AppData\Local\Temp\ccxWpVZR.s 			page 21


 654 0050 40       		.uleb128 0x40
 655 0051 18       		.uleb128 0x18
 656 0052 9742     		.uleb128 0x2117
 657 0054 19       		.uleb128 0x19
 658 0055 01       		.uleb128 0x1
 659 0056 13       		.uleb128 0x13
 660 0057 00       		.byte	0
 661 0058 00       		.byte	0
 662 0059 07       		.uleb128 0x7
 663 005a 34       		.uleb128 0x34
 664 005b 00       		.byte	0
 665 005c 03       		.uleb128 0x3
 666 005d 0E       		.uleb128 0xe
 667 005e 3A       		.uleb128 0x3a
 668 005f 0B       		.uleb128 0xb
 669 0060 3B       		.uleb128 0x3b
 670 0061 0B       		.uleb128 0xb
 671 0062 49       		.uleb128 0x49
 672 0063 13       		.uleb128 0x13
 673 0064 02       		.uleb128 0x2
 674 0065 17       		.uleb128 0x17
 675 0066 00       		.byte	0
 676 0067 00       		.byte	0
 677 0068 08       		.uleb128 0x8
 678 0069 34       		.uleb128 0x34
 679 006a 00       		.byte	0
 680 006b 03       		.uleb128 0x3
 681 006c 0E       		.uleb128 0xe
 682 006d 3A       		.uleb128 0x3a
 683 006e 0B       		.uleb128 0xb
 684 006f 3B       		.uleb128 0x3b
 685 0070 0B       		.uleb128 0xb
 686 0071 49       		.uleb128 0x49
 687 0072 13       		.uleb128 0x13
 688 0073 02       		.uleb128 0x2
 689 0074 18       		.uleb128 0x18
 690 0075 00       		.byte	0
 691 0076 00       		.byte	0
 692 0077 09       		.uleb128 0x9
 693 0078 2E       		.uleb128 0x2e
 694 0079 00       		.byte	0
 695 007a 3F       		.uleb128 0x3f
 696 007b 19       		.uleb128 0x19
 697 007c 03       		.uleb128 0x3
 698 007d 0E       		.uleb128 0xe
 699 007e 3A       		.uleb128 0x3a
 700 007f 0B       		.uleb128 0xb
 701 0080 3B       		.uleb128 0x3b
 702 0081 0B       		.uleb128 0xb
 703 0082 27       		.uleb128 0x27
 704 0083 19       		.uleb128 0x19
 705 0084 11       		.uleb128 0x11
 706 0085 01       		.uleb128 0x1
 707 0086 12       		.uleb128 0x12
 708 0087 06       		.uleb128 0x6
 709 0088 40       		.uleb128 0x40
 710 0089 18       		.uleb128 0x18
ARM GAS  C:\Users\DADSPC~1\AppData\Local\Temp\ccxWpVZR.s 			page 22


 711 008a 9742     		.uleb128 0x2117
 712 008c 19       		.uleb128 0x19
 713 008d 00       		.byte	0
 714 008e 00       		.byte	0
 715 008f 0A       		.uleb128 0xa
 716 0090 2E       		.uleb128 0x2e
 717 0091 01       		.byte	0x1
 718 0092 3F       		.uleb128 0x3f
 719 0093 19       		.uleb128 0x19
 720 0094 03       		.uleb128 0x3
 721 0095 0E       		.uleb128 0xe
 722 0096 3A       		.uleb128 0x3a
 723 0097 0B       		.uleb128 0xb
 724 0098 3B       		.uleb128 0x3b
 725 0099 05       		.uleb128 0x5
 726 009a 27       		.uleb128 0x27
 727 009b 19       		.uleb128 0x19
 728 009c 11       		.uleb128 0x11
 729 009d 01       		.uleb128 0x1
 730 009e 12       		.uleb128 0x12
 731 009f 06       		.uleb128 0x6
 732 00a0 40       		.uleb128 0x40
 733 00a1 18       		.uleb128 0x18
 734 00a2 9742     		.uleb128 0x2117
 735 00a4 19       		.uleb128 0x19
 736 00a5 01       		.uleb128 0x1
 737 00a6 13       		.uleb128 0x13
 738 00a7 00       		.byte	0
 739 00a8 00       		.byte	0
 740 00a9 0B       		.uleb128 0xb
 741 00aa 05       		.uleb128 0x5
 742 00ab 00       		.byte	0
 743 00ac 03       		.uleb128 0x3
 744 00ad 0E       		.uleb128 0xe
 745 00ae 3A       		.uleb128 0x3a
 746 00af 0B       		.uleb128 0xb
 747 00b0 3B       		.uleb128 0x3b
 748 00b1 05       		.uleb128 0x5
 749 00b2 49       		.uleb128 0x49
 750 00b3 13       		.uleb128 0x13
 751 00b4 02       		.uleb128 0x2
 752 00b5 18       		.uleb128 0x18
 753 00b6 00       		.byte	0
 754 00b7 00       		.byte	0
 755 00b8 0C       		.uleb128 0xc
 756 00b9 05       		.uleb128 0x5
 757 00ba 00       		.byte	0
 758 00bb 03       		.uleb128 0x3
 759 00bc 0E       		.uleb128 0xe
 760 00bd 3A       		.uleb128 0x3a
 761 00be 0B       		.uleb128 0xb
 762 00bf 3B       		.uleb128 0x3b
 763 00c0 05       		.uleb128 0x5
 764 00c1 49       		.uleb128 0x49
 765 00c2 13       		.uleb128 0x13
 766 00c3 02       		.uleb128 0x2
 767 00c4 17       		.uleb128 0x17
ARM GAS  C:\Users\DADSPC~1\AppData\Local\Temp\ccxWpVZR.s 			page 23


 768 00c5 00       		.byte	0
 769 00c6 00       		.byte	0
 770 00c7 0D       		.uleb128 0xd
 771 00c8 34       		.uleb128 0x34
 772 00c9 00       		.byte	0
 773 00ca 03       		.uleb128 0x3
 774 00cb 08       		.uleb128 0x8
 775 00cc 3A       		.uleb128 0x3a
 776 00cd 0B       		.uleb128 0xb
 777 00ce 3B       		.uleb128 0x3b
 778 00cf 05       		.uleb128 0x5
 779 00d0 49       		.uleb128 0x49
 780 00d1 13       		.uleb128 0x13
 781 00d2 02       		.uleb128 0x2
 782 00d3 17       		.uleb128 0x17
 783 00d4 00       		.byte	0
 784 00d5 00       		.byte	0
 785 00d6 0E       		.uleb128 0xe
 786 00d7 898201   		.uleb128 0x4109
 787 00da 00       		.byte	0
 788 00db 11       		.uleb128 0x11
 789 00dc 01       		.uleb128 0x1
 790 00dd 31       		.uleb128 0x31
 791 00de 13       		.uleb128 0x13
 792 00df 00       		.byte	0
 793 00e0 00       		.byte	0
 794 00e1 0F       		.uleb128 0xf
 795 00e2 0F       		.uleb128 0xf
 796 00e3 00       		.byte	0
 797 00e4 0B       		.uleb128 0xb
 798 00e5 0B       		.uleb128 0xb
 799 00e6 49       		.uleb128 0x49
 800 00e7 13       		.uleb128 0x13
 801 00e8 00       		.byte	0
 802 00e9 00       		.byte	0
 803 00ea 10       		.uleb128 0x10
 804 00eb 26       		.uleb128 0x26
 805 00ec 00       		.byte	0
 806 00ed 49       		.uleb128 0x49
 807 00ee 13       		.uleb128 0x13
 808 00ef 00       		.byte	0
 809 00f0 00       		.byte	0
 810 00f1 11       		.uleb128 0x11
 811 00f2 2E       		.uleb128 0x2e
 812 00f3 01       		.byte	0x1
 813 00f4 3F       		.uleb128 0x3f
 814 00f5 19       		.uleb128 0x19
 815 00f6 03       		.uleb128 0x3
 816 00f7 0E       		.uleb128 0xe
 817 00f8 3A       		.uleb128 0x3a
 818 00f9 0B       		.uleb128 0xb
 819 00fa 3B       		.uleb128 0x3b
 820 00fb 05       		.uleb128 0x5
 821 00fc 27       		.uleb128 0x27
 822 00fd 19       		.uleb128 0x19
 823 00fe 49       		.uleb128 0x49
 824 00ff 13       		.uleb128 0x13
ARM GAS  C:\Users\DADSPC~1\AppData\Local\Temp\ccxWpVZR.s 			page 24


 825 0100 11       		.uleb128 0x11
 826 0101 01       		.uleb128 0x1
 827 0102 12       		.uleb128 0x12
 828 0103 06       		.uleb128 0x6
 829 0104 40       		.uleb128 0x40
 830 0105 18       		.uleb128 0x18
 831 0106 9742     		.uleb128 0x2117
 832 0108 19       		.uleb128 0x19
 833 0109 01       		.uleb128 0x1
 834 010a 13       		.uleb128 0x13
 835 010b 00       		.byte	0
 836 010c 00       		.byte	0
 837 010d 12       		.uleb128 0x12
 838 010e 34       		.uleb128 0x34
 839 010f 00       		.byte	0
 840 0110 03       		.uleb128 0x3
 841 0111 0E       		.uleb128 0xe
 842 0112 3A       		.uleb128 0x3a
 843 0113 0B       		.uleb128 0xb
 844 0114 3B       		.uleb128 0x3b
 845 0115 05       		.uleb128 0x5
 846 0116 49       		.uleb128 0x49
 847 0117 13       		.uleb128 0x13
 848 0118 02       		.uleb128 0x2
 849 0119 18       		.uleb128 0x18
 850 011a 00       		.byte	0
 851 011b 00       		.byte	0
 852 011c 13       		.uleb128 0x13
 853 011d 2E       		.uleb128 0x2e
 854 011e 00       		.byte	0
 855 011f 3F       		.uleb128 0x3f
 856 0120 19       		.uleb128 0x19
 857 0121 03       		.uleb128 0x3
 858 0122 0E       		.uleb128 0xe
 859 0123 3A       		.uleb128 0x3a
 860 0124 0B       		.uleb128 0xb
 861 0125 3B       		.uleb128 0x3b
 862 0126 05       		.uleb128 0x5
 863 0127 27       		.uleb128 0x27
 864 0128 19       		.uleb128 0x19
 865 0129 11       		.uleb128 0x11
 866 012a 01       		.uleb128 0x1
 867 012b 12       		.uleb128 0x12
 868 012c 06       		.uleb128 0x6
 869 012d 40       		.uleb128 0x40
 870 012e 18       		.uleb128 0x18
 871 012f 9742     		.uleb128 0x2117
 872 0131 19       		.uleb128 0x19
 873 0132 00       		.byte	0
 874 0133 00       		.byte	0
 875 0134 14       		.uleb128 0x14
 876 0135 2E       		.uleb128 0x2e
 877 0136 01       		.byte	0x1
 878 0137 3F       		.uleb128 0x3f
 879 0138 19       		.uleb128 0x19
 880 0139 03       		.uleb128 0x3
 881 013a 0E       		.uleb128 0xe
ARM GAS  C:\Users\DADSPC~1\AppData\Local\Temp\ccxWpVZR.s 			page 25


 882 013b 3A       		.uleb128 0x3a
 883 013c 0B       		.uleb128 0xb
 884 013d 3B       		.uleb128 0x3b
 885 013e 05       		.uleb128 0x5
 886 013f 27       		.uleb128 0x27
 887 0140 19       		.uleb128 0x19
 888 0141 49       		.uleb128 0x49
 889 0142 13       		.uleb128 0x13
 890 0143 11       		.uleb128 0x11
 891 0144 01       		.uleb128 0x1
 892 0145 12       		.uleb128 0x12
 893 0146 06       		.uleb128 0x6
 894 0147 40       		.uleb128 0x40
 895 0148 18       		.uleb128 0x18
 896 0149 9742     		.uleb128 0x2117
 897 014b 19       		.uleb128 0x19
 898 014c 00       		.byte	0
 899 014d 00       		.byte	0
 900 014e 00       		.byte	0
 901              		.section	.debug_loc,"",%progbits
 902              	.Ldebug_loc0:
 903              	.LLST0:
 904 0000 00000000 		.4byte	.LVL0
 905 0004 04000000 		.4byte	.LVL1
 906 0008 0200     		.2byte	0x2
 907 000a 30       		.byte	0x30
 908 000b 9F       		.byte	0x9f
 909 000c 04000000 		.4byte	.LVL1
 910 0010 0C000000 		.4byte	.LFE1
 911 0014 0100     		.2byte	0x1
 912 0016 50       		.byte	0x50
 913 0017 00000000 		.4byte	0
 914 001b 00000000 		.4byte	0
 915              	.LLST1:
 916 001f 00000000 		.4byte	.LVL4
 917 0023 0A000000 		.4byte	.LVL6
 918 0027 0100     		.2byte	0x1
 919 0029 50       		.byte	0x50
 920 002a 0A000000 		.4byte	.LVL6
 921 002e 18000000 		.4byte	.LVL11
 922 0032 0100     		.2byte	0x1
 923 0034 56       		.byte	0x56
 924 0035 18000000 		.4byte	.LVL11
 925 0039 1A000000 		.4byte	.LFE5
 926 003d 0400     		.2byte	0x4
 927 003f F3       		.byte	0xf3
 928 0040 01       		.uleb128 0x1
 929 0041 50       		.byte	0x50
 930 0042 9F       		.byte	0x9f
 931 0043 00000000 		.4byte	0
 932 0047 00000000 		.4byte	0
 933              	.LLST2:
 934 004b 00000000 		.4byte	.LVL4
 935 004f 0A000000 		.4byte	.LVL6
 936 0053 0100     		.2byte	0x1
 937 0055 51       		.byte	0x51
 938 0056 0A000000 		.4byte	.LVL6
ARM GAS  C:\Users\DADSPC~1\AppData\Local\Temp\ccxWpVZR.s 			page 26


 939 005a 18000000 		.4byte	.LVL10
 940 005e 0100     		.2byte	0x1
 941 0060 55       		.byte	0x55
 942 0061 18000000 		.4byte	.LVL10
 943 0065 1A000000 		.4byte	.LFE5
 944 0069 0400     		.2byte	0x4
 945 006b F3       		.byte	0xf3
 946 006c 01       		.uleb128 0x1
 947 006d 51       		.byte	0x51
 948 006e 9F       		.byte	0x9f
 949 006f 00000000 		.4byte	0
 950 0073 00000000 		.4byte	0
 951              	.LLST3:
 952 0077 06000000 		.4byte	.LVL5
 953 007b 0A000000 		.4byte	.LVL6
 954 007f 0200     		.2byte	0x2
 955 0081 30       		.byte	0x30
 956 0082 9F       		.byte	0x9f
 957 0083 0A000000 		.4byte	.LVL6
 958 0087 18000000 		.4byte	.LVL9
 959 008b 0100     		.2byte	0x1
 960 008d 54       		.byte	0x54
 961 008e 00000000 		.4byte	0
 962 0092 00000000 		.4byte	0
 963              		.section	.debug_aranges,"",%progbits
 964 0000 5C000000 		.4byte	0x5c
 965 0004 0200     		.2byte	0x2
 966 0006 00000000 		.4byte	.Ldebug_info0
 967 000a 04       		.byte	0x4
 968 000b 00       		.byte	0
 969 000c 0000     		.2byte	0
 970 000e 0000     		.2byte	0
 971 0010 00000000 		.4byte	.LFB1
 972 0014 0C000000 		.4byte	.LFE1-.LFB1
 973 0018 00000000 		.4byte	.LFB2
 974 001c 10000000 		.4byte	.LFE2-.LFB2
 975 0020 00000000 		.4byte	.LFB3
 976 0024 20000000 		.4byte	.LFE3-.LFB3
 977 0028 00000000 		.4byte	.LFB4
 978 002c 1C000000 		.4byte	.LFE4-.LFB4
 979 0030 00000000 		.4byte	.LFB5
 980 0034 1A000000 		.4byte	.LFE5-.LFB5
 981 0038 00000000 		.4byte	.LFB6
 982 003c 10000000 		.4byte	.LFE6-.LFB6
 983 0040 00000000 		.4byte	.LFB7
 984 0044 20000000 		.4byte	.LFE7-.LFB7
 985 0048 00000000 		.4byte	.LFB8
 986 004c 10000000 		.4byte	.LFE8-.LFB8
 987 0050 00000000 		.4byte	.LFB9
 988 0054 10000000 		.4byte	.LFE9-.LFB9
 989 0058 00000000 		.4byte	0
 990 005c 00000000 		.4byte	0
 991              		.section	.debug_ranges,"",%progbits
 992              	.Ldebug_ranges0:
 993 0000 00000000 		.4byte	.LFB1
 994 0004 0C000000 		.4byte	.LFE1
 995 0008 00000000 		.4byte	.LFB2
ARM GAS  C:\Users\DADSPC~1\AppData\Local\Temp\ccxWpVZR.s 			page 27


 996 000c 10000000 		.4byte	.LFE2
 997 0010 00000000 		.4byte	.LFB3
 998 0014 20000000 		.4byte	.LFE3
 999 0018 00000000 		.4byte	.LFB4
 1000 001c 1C000000 		.4byte	.LFE4
 1001 0020 00000000 		.4byte	.LFB5
 1002 0024 1A000000 		.4byte	.LFE5
 1003 0028 00000000 		.4byte	.LFB6
 1004 002c 10000000 		.4byte	.LFE6
 1005 0030 00000000 		.4byte	.LFB7
 1006 0034 20000000 		.4byte	.LFE7
 1007 0038 00000000 		.4byte	.LFB8
 1008 003c 10000000 		.4byte	.LFE8
 1009 0040 00000000 		.4byte	.LFB9
 1010 0044 10000000 		.4byte	.LFE9
 1011 0048 00000000 		.4byte	0
 1012 004c 00000000 		.4byte	0
 1013              		.section	.debug_line,"",%progbits
 1014              	.Ldebug_line0:
 1015 0000 17010000 		.section	.debug_str,"MS",%progbits,1
 1015      02004B00 
 1015      00000201 
 1015      FB0E0D00 
 1015      01010101 
 1016              	.LASF14:
 1017 0000 72656733 		.ascii	"reg32\000"
 1017      3200
 1018              	.LASF25:
 1019 0006 636F756E 		.ascii	"count\000"
 1019      7400
 1020              	.LASF23:
 1021 000c 74784461 		.ascii	"txData\000"
 1021      746100
 1022              	.LASF28:
 1023 0013 5343425F 		.ascii	"SCB_1_SpiUartClearTxBuffer\000"
 1023      315F5370 
 1023      69556172 
 1023      74436C65 
 1023      61725478 
 1024              	.LASF35:
 1025 002e 433A5C55 		.ascii	"C:\\Users\\Dads PC\\OneDrive\\Documents\\PSoC Creat"
 1025      73657273 
 1025      5C446164 
 1025      73205043 
 1025      5C4F6E65 
 1026 005c 6F725C52 		.ascii	"or\\RP_i2c_to_SPI_v2\\Design01.cydsn\000"
 1026      505F6932 
 1026      635F746F 
 1026      5F535049 
 1026      5F76325C 
 1027              	.LASF8:
 1028 007f 756E7369 		.ascii	"unsigned int\000"
 1028      676E6564 
 1028      20696E74 
 1028      00
 1029              	.LASF19:
 1030 008c 72784461 		.ascii	"rxData\000"
ARM GAS  C:\Users\DADSPC~1\AppData\Local\Temp\ccxWpVZR.s 			page 28


 1030      746100
 1031              	.LASF11:
 1032 0093 666C6F61 		.ascii	"float\000"
 1032      7400
 1033              	.LASF20:
 1034 0099 73697A65 		.ascii	"size\000"
 1034      00
 1035              	.LASF5:
 1036 009e 6C6F6E67 		.ascii	"long unsigned int\000"
 1036      20756E73 
 1036      69676E65 
 1036      6420696E 
 1036      7400
 1037              	.LASF3:
 1038 00b0 73686F72 		.ascii	"short unsigned int\000"
 1038      7420756E 
 1038      7369676E 
 1038      65642069 
 1038      6E7400
 1039              	.LASF21:
 1040 00c3 5343425F 		.ascii	"SCB_1_SpiUartWriteTxData\000"
 1040      315F5370 
 1040      69556172 
 1040      74577269 
 1040      74655478 
 1041              	.LASF24:
 1042 00dc 77724275 		.ascii	"wrBuf\000"
 1042      6600
 1043              	.LASF1:
 1044 00e2 756E7369 		.ascii	"unsigned char\000"
 1044      676E6564 
 1044      20636861 
 1044      7200
 1045              	.LASF12:
 1046 00f0 646F7562 		.ascii	"double\000"
 1046      6C6500
 1047              	.LASF22:
 1048 00f7 5343425F 		.ascii	"SCB_1_SpiUartPutArray\000"
 1048      315F5370 
 1048      69556172 
 1048      74507574 
 1048      41727261 
 1049              	.LASF27:
 1050 010d 5343425F 		.ascii	"SCB_1_SpiUartClearRxBuffer\000"
 1050      315F5370 
 1050      69556172 
 1050      74436C65 
 1050      61725278 
 1051              	.LASF9:
 1052 0128 75696E74 		.ascii	"uint16\000"
 1052      313600
 1053              	.LASF17:
 1054 012f 5343425F 		.ascii	"SCB_1_SpiUartReadRxData\000"
 1054      315F5370 
 1054      69556172 
 1054      74526561 
 1054      64527844 
ARM GAS  C:\Users\DADSPC~1\AppData\Local\Temp\ccxWpVZR.s 			page 29


 1055              	.LASF10:
 1056 0147 75696E74 		.ascii	"uint32\000"
 1056      333200
 1057              	.LASF32:
 1058 014e 696E7453 		.ascii	"intSourceMask\000"
 1058      6F757263 
 1058      654D6173 
 1058      6B00
 1059              	.LASF30:
 1060 015c 696E7453 		.ascii	"intSource\000"
 1060      6F757263 
 1060      6500
 1061              	.LASF7:
 1062 0166 6C6F6E67 		.ascii	"long long unsigned int\000"
 1062      206C6F6E 
 1062      6720756E 
 1062      7369676E 
 1062      65642069 
 1063              	.LASF16:
 1064 017d 73697A65 		.ascii	"sizetype\000"
 1064      74797065 
 1064      00
 1065              	.LASF6:
 1066 0186 6C6F6E67 		.ascii	"long long int\000"
 1066      206C6F6E 
 1066      6720696E 
 1066      7400
 1067              	.LASF13:
 1068 0194 63686172 		.ascii	"char\000"
 1068      00
 1069              	.LASF34:
 1070 0199 47656E65 		.ascii	"Generated_Source\\PSoC4\\SCB_1_SPI_UART.c\000"
 1070      72617465 
 1070      645F536F 
 1070      75726365 
 1070      5C50536F 
 1071              	.LASF29:
 1072 01c1 5343425F 		.ascii	"SCB_1_SpiUartDisableIntRx\000"
 1072      315F5370 
 1072      69556172 
 1072      74446973 
 1072      61626C65 
 1073              	.LASF2:
 1074 01db 73686F72 		.ascii	"short int\000"
 1074      7420696E 
 1074      7400
 1075              	.LASF26:
 1076 01e5 5343425F 		.ascii	"SCB_1_SpiUartGetTxBufferSize\000"
 1076      315F5370 
 1076      69556172 
 1076      74476574 
 1076      54784275 
 1077              	.LASF31:
 1078 0202 5343425F 		.ascii	"SCB_1_SpiUartDisableIntTx\000"
 1078      315F5370 
 1078      69556172 
 1078      74446973 
ARM GAS  C:\Users\DADSPC~1\AppData\Local\Temp\ccxWpVZR.s 			page 30


 1078      61626C65 
 1079              	.LASF4:
 1080 021c 6C6F6E67 		.ascii	"long int\000"
 1080      20696E74 
 1080      00
 1081              	.LASF15:
 1082 0225 6C6F6E67 		.ascii	"long double\000"
 1082      20646F75 
 1082      626C6500 
 1083              	.LASF33:
 1084 0231 474E5520 		.ascii	"GNU C11 5.4.1 20160609 (release) [ARM/embedded-5-br"
 1084      43313120 
 1084      352E342E 
 1084      31203230 
 1084      31363036 
 1085 0264 616E6368 		.ascii	"anch revision 237715] -mcpu=cortex-m0plus -mthumb -"
 1085      20726576 
 1085      6973696F 
 1085      6E203233 
 1085      37373135 
 1086 0297 67202D4F 		.ascii	"g -Og -ffunction-sections -ffat-lto-objects\000"
 1086      67202D66 
 1086      66756E63 
 1086      74696F6E 
 1086      2D736563 
 1087              	.LASF0:
 1088 02c3 7369676E 		.ascii	"signed char\000"
 1088      65642063 
 1088      68617200 
 1089              	.LASF18:
 1090 02cf 5343425F 		.ascii	"SCB_1_SpiUartGetRxBufferSize\000"
 1090      315F5370 
 1090      69556172 
 1090      74476574 
 1090      52784275 
 1091              		.ident	"GCC: (GNU Tools for ARM Embedded Processors) 5.4.1 20160609 (release) [ARM/embedded-5-bran
