--------------- Build Started: 11/07/2021 13:35:28 Project: Design01, Configuration: ARM GCC 5.4-2016-q2-update Debug ---------------
The code generation step is up to date.
arm-none-eabi-gcc.exe -mcpu=cortex-m0plus -mthumb -I. -IGenerated_Source\PSoC4 -Wa,-alh=.\CortexM0p\ARM_GCC_541\Debug/main.lst -g -D DEBUG -D CY_CORE_ID=0 -Wall -ffunction-sections -ffat-lto-objects -Og -c main.c -o .\CortexM0p\ARM_GCC_541\Debug\main.o
main.c: In function 'pollI2CwriteBuffer':
main.c:128:39: warning: passing argument 1 of 'SPI_SpiUartPutArray' makes pointer from integer without a cast [-Wint-conversion]
                   SPI_SpiUartPutArray(i2cWriteBuffer[PACKET_SOP_POS+1], 2);
                                       ^
In file included from Generated_Source\PSoC4/project.h:34:0,
                 from main.c:11:
Generated_Source\PSoC4/SPI_SPI_UART.h:837:12: note: expected 'const uint16 * {aka const short unsigned int *}' but argument is of type 'uint8_t {aka unsigned char}'
     void   SPI_SpiUartPutArray(const uint16 wrBuf[], uint32 count);
            ^
main.c:149:39: warning: passing argument 1 of 'SPI_SpiUartPutArray' makes pointer from integer without a cast [-Wint-conversion]
                   SPI_SpiUartPutArray(i2cWriteBuffer[PACKET_SOP_POS+1], 2);
                                       ^
In file included from Generated_Source\PSoC4/project.h:34:0,
                 from main.c:11:
Generated_Source\PSoC4/SPI_SPI_UART.h:837:12: note: expected 'const uint16 * {aka const short unsigned int *}' but argument is of type 'uint8_t {aka unsigned char}'
     void   SPI_SpiUartPutArray(const uint16 wrBuf[], uint32 count);
            ^
arm-none-eabi-ar.exe -rs .\CortexM0p\ARM_GCC_541\Debug\Design01.a .\CortexM0p\ARM_GCC_541\Debug\CyFlash.o .\CortexM0p\ARM_GCC_541\Debug\CyLib.o .\CortexM0p\ARM_GCC_541\Debug\cyPm.o .\CortexM0p\ARM_GCC_541\Debug\cyutils.o .\CortexM0p\ARM_GCC_541\Debug\CyDMA.o .\CortexM0p\ARM_GCC_541\Debug\CyLFClk.o .\CortexM0p\ARM_GCC_541\Debug\cy_em_eeprom.o .\CortexM0p\ARM_GCC_541\Debug\I2C.o .\CortexM0p\ARM_GCC_541\Debug\I2C_I2C_INT.o .\CortexM0p\ARM_GCC_541\Debug\I2C_I2C.o .\CortexM0p\ARM_GCC_541\Debug\I2C_I2C_BOOT.o .\CortexM0p\ARM_GCC_541\Debug\I2C_I2C_SLAVE.o .\CortexM0p\ARM_GCC_541\Debug\I2C_PM.o .\CortexM0p\ARM_GCC_541\Debug\I2C_BOOT.o .\CortexM0p\ARM_GCC_541\Debug\UART.o .\CortexM0p\ARM_GCC_541\Debug\UART_SPI_UART.o .\CortexM0p\ARM_GCC_541\Debug\UART_SPI_UART_INT.o .\CortexM0p\ARM_GCC_541\Debug\UART_PM.o .\CortexM0p\ARM_GCC_541\Debug\UART_UART.o .\CortexM0p\ARM_GCC_541\Debug\UART_BOOT.o .\CortexM0p\ARM_GCC_541\Debug\UART_UART_BOOT.o .\CortexM0p\ARM_GCC_541\Debug\SPI.o .\CortexM0p\ARM_GCC_541\Debug\SPI_SPI_UART.o .\CortexM0p\ARM_GCC_541\Debug\SPI_PM.o .\CortexM0p\ARM_GCC_541\Debug\SPI_SPI.o .\CortexM0p\ARM_GCC_541\Debug\SPI_BOOT.o .\CortexM0p\ARM_GCC_541\Debug\SPI_SPI_BOOT.o .\CortexM0p\ARM_GCC_541\Debug\SPI_SPI_UART_INT.o .\CortexM0p\ARM_GCC_541\Debug\I2C_SCBCLK.o .\CortexM0p\ARM_GCC_541\Debug\I2C_sda.o .\CortexM0p\ARM_GCC_541\Debug\I2C_sda_PM.o .\CortexM0p\ARM_GCC_541\Debug\I2C_scl.o .\CortexM0p\ARM_GCC_541\Debug\I2C_scl_PM.o .\CortexM0p\ARM_GCC_541\Debug\I2C_SCB_IRQ.o .\CortexM0p\ARM_GCC_541\Debug\UART_SCBCLK.o .\CortexM0p\ARM_GCC_541\Debug\UART_tx.o .\CortexM0p\ARM_GCC_541\Debug\UART_tx_PM.o .\CortexM0p\ARM_GCC_541\Debug\SPI_SCBCLK.o .\CortexM0p\ARM_GCC_541\Debug\SPI_ss2_m.o .\CortexM0p\ARM_GCC_541\Debug\SPI_ss2_m_PM.o .\CortexM0p\ARM_GCC_541\Debug\SPI_ss1_m.o .\CortexM0p\ARM_GCC_541\Debug\SPI_ss1_m_PM.o .\CortexM0p\ARM_GCC_541\Debug\SPI_sclk_m.o .\CortexM0p\ARM_GCC_541\Debug\SPI_sclk_m_PM.o .\CortexM0p\ARM_GCC_541\Debug\SPI_mosi_m.o .\CortexM0p\ARM_GCC_541\Debug\SPI_mosi_m_PM.o .\CortexM0p\ARM_GCC_541\Debug\SPI_ss0_m.o .\CortexM0p\ARM_GCC_541\Debug\SPI_ss0_m_PM.o .\CortexM0p\ARM_GCC_541\Debug\SPI_SCB_IRQ.o .\CortexM0p\ARM_GCC_541\Debug\ant1.o .\CortexM0p\ARM_GCC_541\Debug\ant1_PM.o .\CortexM0p\ARM_GCC_541\Debug\ant2.o .\CortexM0p\ARM_GCC_541\Debug\ant2_PM.o .\CortexM0p\ARM_GCC_541\Debug\ant3.o .\CortexM0p\ARM_GCC_541\Debug\ant3_PM.o .\CortexM0p\ARM_GCC_541\Debug\CyBootAsmGnu.o
arm-none-eabi-ar.exe: creating .\CortexM0p\ARM_GCC_541\Debug\Design01.a
arm-none-eabi-gcc.exe -Wl,--start-group -o "C:\Users\Dads PC\OneDrive\Documents\PSoC Creator\RP_i2c_to_SPI_v2\Design01.cydsn\CortexM0p\ARM_GCC_541\Debug\Design01.elf" .\CortexM0p\ARM_GCC_541\Debug\main.o .\CortexM0p\ARM_GCC_541\Debug\cyfitter_cfg.o .\CortexM0p\ARM_GCC_541\Debug\cymetadata.o .\CortexM0p\ARM_GCC_541\Debug\Cm0plusStart.o .\CortexM0p\ARM_GCC_541\Debug\Design01.a -mcpu=cortex-m0plus -mthumb -L Generated_Source\PSoC4 -Wl,-Map,.\CortexM0p\ARM_GCC_541\Debug/Design01.map -T Generated_Source\PSoC4\cm0plusgcc.ld -specs=nano.specs -Wl,--gc-sections -g -ffunction-sections -Og -ffat-lto-objects -Wl,--end-group
cyelftool.exe -C "C:\Users\Dads PC\OneDrive\Documents\PSoC Creator\RP_i2c_to_SPI_v2\Design01.cydsn\CortexM0p\ARM_GCC_541\Debug\Design01.elf" --flash_row_size 256 --flash_size 131072 --flash_offset 0x00000000
No ELF section .cychecksum found, creating one
Application checksum calculated and stored in ELF section .cychecksum
Checksum calculated and stored in ELF section .cymeta
cyelftool.exe -S "C:\Users\Dads PC\OneDrive\Documents\PSoC Creator\RP_i2c_to_SPI_v2\Design01.cydsn\CortexM0p\ARM_GCC_541\Debug\Design01.elf"
Flash used: 4432 of 131072 bytes (3.4%).
SRAM used: 2608 of 16384 bytes (15.9%). Stack: 2048 bytes. Heap: 128 bytes.
--------------- Build Succeeded: 11/07/2021 13:35:32 ---------------
